{"/Users/lou/ediphy/shim.js": {"path":"/Users/lou/ediphy/shim.js","statementMap":{"0":{"start":{"line":2,"column":0},"end":{"line":2,"column":67}},"1":{"start":{"line":2,"column":43},"end":{"line":2,"column":66}}},"fnMap":{"0":{"name":"(anonymous_0)","decl":{"start":{"line":2,"column":31},"end":{"line":2,"column":32}},"loc":{"start":{"line":2,"column":43},"end":{"line":2,"column":66}},"line":2}},"branchMap":{},"s":{"0":12,"1":0},"f":{"0":0},"b":{},"_coverageSchema":"332fd63041d2c1bcb487cc26dd0d5f7d97098a6c","hash":"4e08d7c79ce0481ac0848089d53a804c1739fcac"}
,"/Users/lou/ediphy/_editor/components/autosave/AutoSave.jsx": {"path":"/Users/lou/ediphy/_editor/components/autosave/AutoSave.jsx","statementMap":{"0":{"start":{"line":5,"column":13},"end":{"line":5,"column":25}},"1":{"start":{"line":15,"column":8},"end":{"line":15,"column":21}},"2":{"start":{"line":20,"column":8},"end":{"line":23,"column":10}},"3":{"start":{"line":35,"column":8},"end":{"line":35,"column":90}},"4":{"start":{"line":44,"column":8},"end":{"line":44,"column":39}},"5":{"start":{"line":53,"column":8},"end":{"line":58,"column":9}},"6":{"start":{"line":54,"column":12},"end":{"line":54,"column":49}},"7":{"start":{"line":55,"column":12},"end":{"line":57,"column":21}},"8":{"start":{"line":56,"column":16},"end":{"line":56,"column":54}},"9":{"start":{"line":60,"column":8},"end":{"line":78,"column":9}},"10":{"start":{"line":61,"column":12},"end":{"line":77,"column":13}},"11":{"start":{"line":74,"column":16},"end":{"line":74,"column":23}},"12":{"start":{"line":76,"column":16},"end":{"line":76,"column":55}},"13":{"start":{"line":85,"column":8},"end":{"line":87,"column":9}},"14":{"start":{"line":86,"column":12},"end":{"line":86,"column":30}},"15":{"start":{"line":95,"column":8},"end":{"line":99,"column":10}},"16":{"start":{"line":103,"column":0},"end":{"line":121,"column":2}}},"fnMap":{"0":{"name":"(anonymous_0)","decl":{"start":{"line":14,"column":4},"end":{"line":14,"column":5}},"loc":{"start":{"line":14,"column":23},"end":{"line":24,"column":5}},"line":14},"1":{"name":"(anonymous_1)","decl":{"start":{"line":30,"column":4},"end":{"line":30,"column":5}},"loc":{"start":{"line":30,"column":24},"end":{"line":36,"column":5}},"line":30},"2":{"name":"(anonymous_2)","decl":{"start":{"line":42,"column":4},"end":{"line":42,"column":5}},"loc":{"start":{"line":42,"column":27},"end":{"line":45,"column":5}},"line":42},"3":{"name":"(anonymous_3)","decl":{"start":{"line":52,"column":4},"end":{"line":52,"column":5}},"loc":{"start":{"line":52,"column":41},"end":{"line":79,"column":5}},"line":52},"4":{"name":"(anonymous_4)","decl":{"start":{"line":55,"column":23},"end":{"line":55,"column":24}},"loc":{"start":{"line":55,"column":29},"end":{"line":57,"column":13}},"line":55},"5":{"name":"(anonymous_5)","decl":{"start":{"line":84,"column":4},"end":{"line":84,"column":5}},"loc":{"start":{"line":84,"column":12},"end":{"line":88,"column":5}},"line":84},"6":{"name":"(anonymous_6)","decl":{"start":{"line":94,"column":4},"end":{"line":94,"column":5}},"loc":{"start":{"line":94,"column":13},"end":{"line":100,"column":5}},"line":94}},"branchMap":{"0":{"loc":{"start":{"line":53,"column":8},"end":{"line":58,"column":9}},"type":"if","locations":[{"start":{"line":53,"column":8},"end":{"line":58,"column":9}},{"start":{"line":53,"column":8},"end":{"line":58,"column":9}}],"line":53},"1":{"loc":{"start":{"line":60,"column":8},"end":{"line":78,"column":9}},"type":"if","locations":[{"start":{"line":60,"column":8},"end":{"line":78,"column":9}},{"start":{"line":60,"column":8},"end":{"line":78,"column":9}}],"line":60},"2":{"loc":{"start":{"line":61,"column":12},"end":{"line":77,"column":13}},"type":"switch","locations":[{"start":{"line":62,"column":12},"end":{"line":62,"column":37}},{"start":{"line":63,"column":12},"end":{"line":63,"column":33}},{"start":{"line":64,"column":12},"end":{"line":64,"column":30}},{"start":{"line":65,"column":12},"end":{"line":65,"column":32}},{"start":{"line":66,"column":12},"end":{"line":66,"column":30}},{"start":{"line":67,"column":12},"end":{"line":67,"column":28}},{"start":{"line":68,"column":12},"end":{"line":68,"column":33}},{"start":{"line":69,"column":12},"end":{"line":69,"column":26}},{"start":{"line":70,"column":12},"end":{"line":70,"column":36}},{"start":{"line":71,"column":12},"end":{"line":71,"column":35}},{"start":{"line":72,"column":12},"end":{"line":72,"column":45}},{"start":{"line":73,"column":12},"end":{"line":74,"column":23}},{"start":{"line":75,"column":12},"end":{"line":76,"column":55}}],"line":61},"3":{"loc":{"start":{"line":85,"column":8},"end":{"line":87,"column":9}},"type":"if","locations":[{"start":{"line":85,"column":8},"end":{"line":87,"column":9}},{"start":{"line":85,"column":8},"end":{"line":87,"column":9}}],"line":85},"4":{"loc":{"start":{"line":85,"column":11},"end":{"line":85,"column":63}},"type":"binary-expr","locations":[{"start":{"line":85,"column":11},"end":{"line":85,"column":35}},{"start":{"line":85,"column":39},"end":{"line":85,"column":63}}],"line":85},"5":{"loc":{"start":{"line":97,"column":34},"end":{"line":97,"column":75}},"type":"cond-expr","locations":[{"start":{"line":97,"column":59},"end":{"line":97,"column":66}},{"start":{"line":97,"column":69},"end":{"line":97,"column":75}}],"line":97}},"s":{"0":1,"1":0,"2":0,"3":0,"4":0,"5":0,"6":0,"7":0,"8":0,"9":0,"10":0,"11":0,"12":0,"13":0,"14":0,"15":0,"16":1},"f":{"0":0,"1":0,"2":0,"3":0,"4":0,"5":0,"6":0},"b":{"0":[0,0],"1":[0,0],"2":[0,0,0,0,0,0,0,0,0,0,0,0,0],"3":[0,0],"4":[0,0],"5":[0,0]},"_coverageSchema":"332fd63041d2c1bcb487cc26dd0d5f7d97098a6c","hash":"791b3f467fc750290512fefe84c7189457e242b4"}
,"/Users/lou/ediphy/common/actions.es6": {"path":"/Users/lou/ediphy/common/actions.es6","statementMap":{"0":{"start":{"line":5,"column":23},"end":{"line":5,"column":32}},"1":{"start":{"line":6,"column":26},"end":{"line":6,"column":38}},"2":{"start":{"line":7,"column":24},"end":{"line":7,"column":34}},"3":{"start":{"line":8,"column":29},"end":{"line":8,"column":44}},"4":{"start":{"line":9,"column":26},"end":{"line":9,"column":38}},"5":{"start":{"line":10,"column":26},"end":{"line":10,"column":38}},"6":{"start":{"line":11,"column":26},"end":{"line":11,"column":38}},"7":{"start":{"line":12,"column":24},"end":{"line":12,"column":34}},"8":{"start":{"line":13,"column":36},"end":{"line":13,"column":58}},"9":{"start":{"line":14,"column":30},"end":{"line":14,"column":46}},"10":{"start":{"line":16,"column":29},"end":{"line":16,"column":44}},"11":{"start":{"line":18,"column":41},"end":{"line":18,"column":68}},"12":{"start":{"line":19,"column":41},"end":{"line":19,"column":68}},"13":{"start":{"line":20,"column":42},"end":{"line":20,"column":70}},"14":{"start":{"line":21,"column":37},"end":{"line":21,"column":60}},"15":{"start":{"line":22,"column":27},"end":{"line":22,"column":40}},"16":{"start":{"line":23,"column":27},"end":{"line":23,"column":40}},"17":{"start":{"line":25,"column":28},"end":{"line":25,"column":42}},"18":{"start":{"line":26,"column":31},"end":{"line":26,"column":48}},"19":{"start":{"line":27,"column":31},"end":{"line":27,"column":48}},"20":{"start":{"line":28,"column":31},"end":{"line":28,"column":48}},"21":{"start":{"line":29,"column":32},"end":{"line":29,"column":50}},"22":{"start":{"line":30,"column":31},"end":{"line":30,"column":48}},"23":{"start":{"line":31,"column":43},"end":{"line":31,"column":72}},"24":{"start":{"line":32,"column":36},"end":{"line":32,"column":58}},"25":{"start":{"line":33,"column":34},"end":{"line":33,"column":54}},"26":{"start":{"line":34,"column":28},"end":{"line":34,"column":42}},"27":{"start":{"line":36,"column":34},"end":{"line":36,"column":54}},"28":{"start":{"line":37,"column":33},"end":{"line":37,"column":52}},"29":{"start":{"line":38,"column":35},"end":{"line":38,"column":56}},"30":{"start":{"line":39,"column":24},"end":{"line":39,"column":34}},"31":{"start":{"line":40,"column":30},"end":{"line":40,"column":46}},"32":{"start":{"line":42,"column":28},"end":{"line":42,"column":42}},"33":{"start":{"line":43,"column":36},"end":{"line":43,"column":58}},"34":{"start":{"line":45,"column":44},"end":{"line":45,"column":74}},"35":{"start":{"line":47,"column":29},"end":{"line":47,"column":44}},"36":{"start":{"line":48,"column":30},"end":{"line":48,"column":46}},"37":{"start":{"line":50,"column":34},"end":{"line":50,"column":54}},"38":{"start":{"line":51,"column":37},"end":{"line":51,"column":60}},"39":{"start":{"line":52,"column":37},"end":{"line":52,"column":60}},"40":{"start":{"line":53,"column":42},"end":{"line":53,"column":70}},"41":{"start":{"line":55,"column":28},"end":{"line":55,"column":42}},"42":{"start":{"line":58,"column":32},"end":{"line":58,"column":50}},"43":{"start":{"line":59,"column":32},"end":{"line":59,"column":50}},"44":{"start":{"line":62,"column":4},"end":{"line":62,"column":51}},"45":{"start":{"line":66,"column":4},"end":{"line":66,"column":54}},"46":{"start":{"line":70,"column":4},"end":{"line":70,"column":74}},"47":{"start":{"line":74,"column":4},"end":{"line":74,"column":76}},"48":{"start":{"line":78,"column":4},"end":{"line":78,"column":93}},"49":{"start":{"line":82,"column":4},"end":{"line":82,"column":61}},"50":{"start":{"line":86,"column":4},"end":{"line":86,"column":99}},"51":{"start":{"line":90,"column":4},"end":{"line":90,"column":106}},"52":{"start":{"line":94,"column":4},"end":{"line":94,"column":54}},"53":{"start":{"line":98,"column":4},"end":{"line":98,"column":81}},"54":{"start":{"line":102,"column":4},"end":{"line":102,"column":66}},"55":{"start":{"line":106,"column":4},"end":{"line":106,"column":72}},"56":{"start":{"line":110,"column":4},"end":{"line":110,"column":64}},"57":{"start":{"line":114,"column":4},"end":{"line":114,"column":117}},"58":{"start":{"line":118,"column":4},"end":{"line":118,"column":49}},"59":{"start":{"line":122,"column":4},"end":{"line":122,"column":82}},"60":{"start":{"line":127,"column":4},"end":{"line":127,"column":96}},"61":{"start":{"line":131,"column":4},"end":{"line":131,"column":76}},"62":{"start":{"line":135,"column":4},"end":{"line":135,"column":74}},"63":{"start":{"line":139,"column":4},"end":{"line":139,"column":83}},"64":{"start":{"line":143,"column":4},"end":{"line":143,"column":74}},"65":{"start":{"line":147,"column":4},"end":{"line":147,"column":57}},"66":{"start":{"line":151,"column":4},"end":{"line":151,"column":74}},"67":{"start":{"line":155,"column":4},"end":{"line":155,"column":49}},"68":{"start":{"line":159,"column":4},"end":{"line":159,"column":80}},"69":{"start":{"line":163,"column":4},"end":{"line":163,"column":87}},"70":{"start":{"line":167,"column":4},"end":{"line":167,"column":81}},"71":{"start":{"line":170,"column":4},"end":{"line":170,"column":87}},"72":{"start":{"line":174,"column":4},"end":{"line":174,"column":95}},"73":{"start":{"line":178,"column":4},"end":{"line":178,"column":74}},"74":{"start":{"line":182,"column":4},"end":{"line":182,"column":69}},"75":{"start":{"line":186,"column":4},"end":{"line":186,"column":100}},"76":{"start":{"line":190,"column":4},"end":{"line":190,"column":76}},"77":{"start":{"line":194,"column":4},"end":{"line":194,"column":60}},"78":{"start":{"line":198,"column":4},"end":{"line":198,"column":68}},"79":{"start":{"line":202,"column":4},"end":{"line":202,"column":64}},"80":{"start":{"line":206,"column":4},"end":{"line":206,"column":60}},"81":{"start":{"line":210,"column":4},"end":{"line":210,"column":55}},"82":{"start":{"line":214,"column":4},"end":{"line":214,"column":68}},"83":{"start":{"line":218,"column":4},"end":{"line":218,"column":50}},"84":{"start":{"line":222,"column":4},"end":{"line":222,"column":83}},"85":{"start":{"line":226,"column":4},"end":{"line":226,"column":71}},"86":{"start":{"line":230,"column":4},"end":{"line":230,"column":52}},"87":{"start":{"line":235,"column":4},"end":{"line":303,"column":6}},"88":{"start":{"line":239,"column":8},"end":{"line":239,"column":53}},"89":{"start":{"line":246,"column":8},"end":{"line":267,"column":9}},"90":{"start":{"line":247,"column":12},"end":{"line":266,"column":19}},"91":{"start":{"line":256,"column":20},"end":{"line":258,"column":21}},"92":{"start":{"line":257,"column":24},"end":{"line":257,"column":67}},"93":{"start":{"line":259,"column":20},"end":{"line":259,"column":32}},"94":{"start":{"line":262,"column":20},"end":{"line":262,"column":76}},"95":{"start":{"line":265,"column":20},"end":{"line":265,"column":56}},"96":{"start":{"line":269,"column":19},"end":{"line":272,"column":9}},"97":{"start":{"line":274,"column":8},"end":{"line":301,"column":15}},"98":{"start":{"line":284,"column":16},"end":{"line":286,"column":17}},"99":{"start":{"line":285,"column":20},"end":{"line":285,"column":63}},"100":{"start":{"line":287,"column":16},"end":{"line":287,"column":39}},"101":{"start":{"line":290,"column":41},"end":{"line":290,"column":69}},"102":{"start":{"line":292,"column":16},"end":{"line":296,"column":17}},"103":{"start":{"line":293,"column":20},"end":{"line":293,"column":145}},"104":{"start":{"line":294,"column":20},"end":{"line":294,"column":100}},"105":{"start":{"line":295,"column":20},"end":{"line":295,"column":81}},"106":{"start":{"line":297,"column":16},"end":{"line":297,"column":72}},"107":{"start":{"line":300,"column":16},"end":{"line":300,"column":52}},"108":{"start":{"line":307,"column":4},"end":{"line":328,"column":6}},"109":{"start":{"line":308,"column":8},"end":{"line":308,"column":53}},"110":{"start":{"line":310,"column":8},"end":{"line":327,"column":15}},"111":{"start":{"line":312,"column":16},"end":{"line":314,"column":17}},"112":{"start":{"line":313,"column":20},"end":{"line":313,"column":63}},"113":{"start":{"line":315,"column":16},"end":{"line":315,"column":39}},"114":{"start":{"line":318,"column":16},"end":{"line":318,"column":36}},"115":{"start":{"line":319,"column":16},"end":{"line":319,"column":58}},"116":{"start":{"line":320,"column":16},"end":{"line":320,"column":28}},"117":{"start":{"line":323,"column":16},"end":{"line":323,"column":72}},"118":{"start":{"line":326,"column":16},"end":{"line":326,"column":52}},"119":{"start":{"line":332,"column":4},"end":{"line":352,"column":6}},"120":{"start":{"line":333,"column":8},"end":{"line":333,"column":53}},"121":{"start":{"line":335,"column":8},"end":{"line":351,"column":15}},"122":{"start":{"line":337,"column":16},"end":{"line":339,"column":17}},"123":{"start":{"line":338,"column":20},"end":{"line":338,"column":63}},"124":{"start":{"line":340,"column":16},"end":{"line":340,"column":39}},"125":{"start":{"line":343,"column":16},"end":{"line":343,"column":72}},"126":{"start":{"line":344,"column":16},"end":{"line":344,"column":28}},"127":{"start":{"line":347,"column":16},"end":{"line":347,"column":63}},"128":{"start":{"line":350,"column":16},"end":{"line":350,"column":52}},"129":{"start":{"line":356,"column":4},"end":{"line":406,"column":6}},"130":{"start":{"line":358,"column":8},"end":{"line":404,"column":9}},"131":{"start":{"line":359,"column":12},"end":{"line":399,"column":13}},"132":{"start":{"line":360,"column":16},"end":{"line":394,"column":17}},"133":{"start":{"line":361,"column":20},"end":{"line":361,"column":65}},"134":{"start":{"line":363,"column":31},"end":{"line":363,"column":45}},"135":{"start":{"line":364,"column":20},"end":{"line":364,"column":64}},"136":{"start":{"line":365,"column":20},"end":{"line":365,"column":89}},"137":{"start":{"line":366,"column":20},"end":{"line":369,"column":21}},"138":{"start":{"line":367,"column":24},"end":{"line":367,"column":83}},"139":{"start":{"line":368,"column":24},"end":{"line":368,"column":99}},"140":{"start":{"line":370,"column":20},"end":{"line":370,"column":62}},"141":{"start":{"line":372,"column":20},"end":{"line":392,"column":27}},"142":{"start":{"line":377,"column":24},"end":{"line":379,"column":25}},"143":{"start":{"line":378,"column":28},"end":{"line":378,"column":61}},"144":{"start":{"line":381,"column":24},"end":{"line":383,"column":27}},"145":{"start":{"line":382,"column":28},"end":{"line":382,"column":56}},"146":{"start":{"line":386,"column":28},"end":{"line":386,"column":61}},"147":{"start":{"line":387,"column":28},"end":{"line":387,"column":58}},"148":{"start":{"line":390,"column":28},"end":{"line":390,"column":67}},"149":{"start":{"line":391,"column":28},"end":{"line":391,"column":4991}},"150":{"start":{"line":395,"column":16},"end":{"line":395,"column":62}},"151":{"start":{"line":398,"column":16},"end":{"line":398,"column":57}},"152":{"start":{"line":402,"column":12},"end":{"line":402,"column":58}},"153":{"start":{"line":403,"column":12},"end":{"line":403,"column":25}},"154":{"start":{"line":405,"column":8},"end":{"line":405,"column":21}}},"fnMap":{"0":{"name":"selectIndex","decl":{"start":{"line":61,"column":16},"end":{"line":61,"column":27}},"loc":{"start":{"line":61,"column":32},"end":{"line":63,"column":1}},"line":61},"1":{"name":"selectNavItem","decl":{"start":{"line":65,"column":16},"end":{"line":65,"column":29}},"loc":{"start":{"line":65,"column":34},"end":{"line":67,"column":1}},"line":65},"2":{"name":"addContainedView","decl":{"start":{"line":69,"column":16},"end":{"line":69,"column":32}},"loc":{"start":{"line":69,"column":54},"end":{"line":71,"column":1}},"line":69},"3":{"name":"deleteContainedView","decl":{"start":{"line":73,"column":16},"end":{"line":73,"column":35}},"loc":{"start":{"line":73,"column":56},"end":{"line":75,"column":1}},"line":73},"4":{"name":"addNavItem","decl":{"start":{"line":77,"column":16},"end":{"line":77,"column":26}},"loc":{"start":{"line":77,"column":73},"end":{"line":79,"column":1}},"line":77},"5":{"name":"expandNavItem","decl":{"start":{"line":81,"column":16},"end":{"line":81,"column":29}},"loc":{"start":{"line":81,"column":41},"end":{"line":83,"column":1}},"line":81},"6":{"name":"deleteNavItem","decl":{"start":{"line":85,"column":16},"end":{"line":85,"column":29}},"loc":{"start":{"line":85,"column":79},"end":{"line":87,"column":1}},"line":85},"7":{"name":"reorderNavItem","decl":{"start":{"line":89,"column":16},"end":{"line":89,"column":30}},"loc":{"start":{"line":89,"column":86},"end":{"line":91,"column":1}},"line":89},"8":{"name":"toggleNavItem","decl":{"start":{"line":93,"column":16},"end":{"line":93,"column":29}},"loc":{"start":{"line":93,"column":34},"end":{"line":95,"column":1}},"line":93},"9":{"name":"updateNavItemExtraFiles","decl":{"start":{"line":97,"column":16},"end":{"line":97,"column":39}},"loc":{"start":{"line":97,"column":59},"end":{"line":99,"column":1}},"line":97},"10":{"name":"changeNavItemName","decl":{"start":{"line":101,"column":16},"end":{"line":101,"column":33}},"loc":{"start":{"line":101,"column":45},"end":{"line":103,"column":1}},"line":101},"11":{"name":"changeContainedViewName","decl":{"start":{"line":105,"column":16},"end":{"line":105,"column":39}},"loc":{"start":{"line":105,"column":51},"end":{"line":107,"column":1}},"line":105},"12":{"name":"changeUnitNumber","decl":{"start":{"line":109,"column":16},"end":{"line":109,"column":32}},"loc":{"start":{"line":109,"column":44},"end":{"line":111,"column":1}},"line":109},"13":{"name":"addBox","decl":{"start":{"line":113,"column":16},"end":{"line":113,"column":22}},"loc":{"start":{"line":113,"column":98},"end":{"line":115,"column":1}},"line":113},"14":{"name":"selectBox","decl":{"start":{"line":117,"column":16},"end":{"line":117,"column":25}},"loc":{"start":{"line":117,"column":30},"end":{"line":119,"column":1}},"line":117},"15":{"name":"moveBox","decl":{"start":{"line":121,"column":16},"end":{"line":121,"column":23}},"loc":{"start":{"line":121,"column":63},"end":{"line":123,"column":1}},"line":121},"16":{"name":"duplicateBox","decl":{"start":{"line":126,"column":16},"end":{"line":126,"column":28}},"loc":{"start":{"line":126,"column":77},"end":{"line":128,"column":1}},"line":126},"17":{"name":"resizeBox","decl":{"start":{"line":130,"column":16},"end":{"line":130,"column":25}},"loc":{"start":{"line":130,"column":57},"end":{"line":132,"column":1}},"line":130},"18":{"name":"updateBox","decl":{"start":{"line":134,"column":16},"end":{"line":134,"column":25}},"loc":{"start":{"line":134,"column":55},"end":{"line":136,"column":1}},"line":134},"19":{"name":"deleteBox","decl":{"start":{"line":138,"column":16},"end":{"line":138,"column":25}},"loc":{"start":{"line":138,"column":64},"end":{"line":140,"column":1}},"line":138},"20":{"name":"reorderSortableContainer","decl":{"start":{"line":142,"column":16},"end":{"line":142,"column":40}},"loc":{"start":{"line":142,"column":54},"end":{"line":144,"column":1}},"line":142},"21":{"name":"dropBox","decl":{"start":{"line":146,"column":16},"end":{"line":146,"column":23}},"loc":{"start":{"line":146,"column":38},"end":{"line":148,"column":1}},"line":146},"22":{"name":"verticallyAlignBox","decl":{"start":{"line":150,"column":16},"end":{"line":150,"column":34}},"loc":{"start":{"line":150,"column":54},"end":{"line":152,"column":1}},"line":150},"23":{"name":"increaseBoxLevel","decl":{"start":{"line":154,"column":16},"end":{"line":154,"column":32}},"loc":{"start":{"line":154,"column":35},"end":{"line":156,"column":1}},"line":154},"24":{"name":"resizeSortableContainer","decl":{"start":{"line":158,"column":16},"end":{"line":158,"column":39}},"loc":{"start":{"line":158,"column":60},"end":{"line":160,"column":1}},"line":158},"25":{"name":"deleteSortableContainer","decl":{"start":{"line":162,"column":16},"end":{"line":162,"column":39}},"loc":{"start":{"line":162,"column":67},"end":{"line":164,"column":1}},"line":162},"26":{"name":"changeSortableProps","decl":{"start":{"line":166,"column":16},"end":{"line":166,"column":35}},"loc":{"start":{"line":166,"column":61},"end":{"line":168,"column":1}},"line":166},"27":{"name":"changeCols","decl":{"start":{"line":169,"column":16},"end":{"line":169,"column":26}},"loc":{"start":{"line":169,"column":68},"end":{"line":171,"column":1}},"line":169},"28":{"name":"changeRows","decl":{"start":{"line":173,"column":16},"end":{"line":173,"column":26}},"loc":{"start":{"line":173,"column":76},"end":{"line":175,"column":1}},"line":173},"29":{"name":"reorderBoxes","decl":{"start":{"line":177,"column":16},"end":{"line":177,"column":28}},"loc":{"start":{"line":177,"column":55},"end":{"line":179,"column":1}},"line":177},"30":{"name":"addRichMark","decl":{"start":{"line":181,"column":16},"end":{"line":181,"column":27}},"loc":{"start":{"line":181,"column":49},"end":{"line":183,"column":1}},"line":181},"31":{"name":"editRichMark","decl":{"start":{"line":185,"column":16},"end":{"line":185,"column":28}},"loc":{"start":{"line":185,"column":80},"end":{"line":187,"column":1}},"line":185},"32":{"name":"deleteRichMark","decl":{"start":{"line":189,"column":16},"end":{"line":189,"column":30}},"loc":{"start":{"line":189,"column":56},"end":{"line":191,"column":1}},"line":189},"33":{"name":"selectContainedView","decl":{"start":{"line":193,"column":16},"end":{"line":193,"column":35}},"loc":{"start":{"line":193,"column":40},"end":{"line":195,"column":1}},"line":193},"34":{"name":"toggleTextEditor","decl":{"start":{"line":197,"column":16},"end":{"line":197,"column":32}},"loc":{"start":{"line":197,"column":48},"end":{"line":199,"column":1}},"line":197},"35":{"name":"toggleTitleMode","decl":{"start":{"line":201,"column":16},"end":{"line":201,"column":31}},"loc":{"start":{"line":201,"column":44},"end":{"line":203,"column":1}},"line":201},"36":{"name":"changeDisplayMode","decl":{"start":{"line":205,"column":16},"end":{"line":205,"column":33}},"loc":{"start":{"line":205,"column":40},"end":{"line":207,"column":1}},"line":205},"37":{"name":"setBusy","decl":{"start":{"line":209,"column":16},"end":{"line":209,"column":23}},"loc":{"start":{"line":209,"column":36},"end":{"line":211,"column":1}},"line":209},"38":{"name":"changeGlobalConfig","decl":{"start":{"line":213,"column":16},"end":{"line":213,"column":34}},"loc":{"start":{"line":213,"column":48},"end":{"line":215,"column":1}},"line":213},"39":{"name":"importState","decl":{"start":{"line":217,"column":16},"end":{"line":217,"column":27}},"loc":{"start":{"line":217,"column":35},"end":{"line":219,"column":1}},"line":217},"40":{"name":"updateToolbar","decl":{"start":{"line":221,"column":16},"end":{"line":221,"column":29}},"loc":{"start":{"line":221,"column":64},"end":{"line":223,"column":1}},"line":221},"41":{"name":"fetchVishResourcesSuccess","decl":{"start":{"line":225,"column":16},"end":{"line":225,"column":41}},"loc":{"start":{"line":225,"column":50},"end":{"line":227,"column":1}},"line":225},"42":{"name":"uploadImage","decl":{"start":{"line":229,"column":16},"end":{"line":229,"column":27}},"loc":{"start":{"line":229,"column":33},"end":{"line":231,"column":1}},"line":229},"43":{"name":"exportStateAsync","decl":{"start":{"line":234,"column":16},"end":{"line":234,"column":32}},"loc":{"start":{"line":234,"column":40},"end":{"line":304,"column":1}},"line":234},"44":{"name":"(anonymous_44)","decl":{"start":{"line":235,"column":11},"end":{"line":235,"column":12}},"loc":{"start":{"line":235,"column":23},"end":{"line":303,"column":5}},"line":235},"45":{"name":"(anonymous_45)","decl":{"start":{"line":255,"column":22},"end":{"line":255,"column":23}},"loc":{"start":{"line":255,"column":34},"end":{"line":260,"column":17}},"line":255},"46":{"name":"(anonymous_46)","decl":{"start":{"line":261,"column":22},"end":{"line":261,"column":23}},"loc":{"start":{"line":261,"column":28},"end":{"line":263,"column":17}},"line":261},"47":{"name":"(anonymous_47)","decl":{"start":{"line":264,"column":23},"end":{"line":264,"column":24}},"loc":{"start":{"line":264,"column":28},"end":{"line":266,"column":17}},"line":264},"48":{"name":"(anonymous_48)","decl":{"start":{"line":283,"column":18},"end":{"line":283,"column":19}},"loc":{"start":{"line":283,"column":30},"end":{"line":288,"column":13}},"line":283},"49":{"name":"(anonymous_49)","decl":{"start":{"line":289,"column":18},"end":{"line":289,"column":19}},"loc":{"start":{"line":289,"column":28},"end":{"line":298,"column":13}},"line":289},"50":{"name":"(anonymous_50)","decl":{"start":{"line":299,"column":19},"end":{"line":299,"column":20}},"loc":{"start":{"line":299,"column":23},"end":{"line":301,"column":13}},"line":299},"51":{"name":"importStateAsync","decl":{"start":{"line":306,"column":16},"end":{"line":306,"column":32}},"loc":{"start":{"line":306,"column":35},"end":{"line":329,"column":1}},"line":306},"52":{"name":"(anonymous_52)","decl":{"start":{"line":307,"column":11},"end":{"line":307,"column":12}},"loc":{"start":{"line":307,"column":23},"end":{"line":328,"column":5}},"line":307},"53":{"name":"(anonymous_53)","decl":{"start":{"line":311,"column":18},"end":{"line":311,"column":19}},"loc":{"start":{"line":311,"column":30},"end":{"line":316,"column":13}},"line":311},"54":{"name":"(anonymous_54)","decl":{"start":{"line":317,"column":18},"end":{"line":317,"column":19}},"loc":{"start":{"line":317,"column":28},"end":{"line":321,"column":13}},"line":317},"55":{"name":"(anonymous_55)","decl":{"start":{"line":322,"column":18},"end":{"line":322,"column":19}},"loc":{"start":{"line":322,"column":24},"end":{"line":324,"column":13}},"line":322},"56":{"name":"(anonymous_56)","decl":{"start":{"line":325,"column":19},"end":{"line":325,"column":20}},"loc":{"start":{"line":325,"column":24},"end":{"line":327,"column":13}},"line":325},"57":{"name":"fetchVishResourcesAsync","decl":{"start":{"line":331,"column":16},"end":{"line":331,"column":39}},"loc":{"start":{"line":331,"column":47},"end":{"line":353,"column":1}},"line":331},"58":{"name":"(anonymous_58)","decl":{"start":{"line":332,"column":11},"end":{"line":332,"column":12}},"loc":{"start":{"line":332,"column":23},"end":{"line":352,"column":5}},"line":332},"59":{"name":"(anonymous_59)","decl":{"start":{"line":336,"column":18},"end":{"line":336,"column":19}},"loc":{"start":{"line":336,"column":30},"end":{"line":341,"column":13}},"line":336},"60":{"name":"(anonymous_60)","decl":{"start":{"line":342,"column":18},"end":{"line":342,"column":19}},"loc":{"start":{"line":342,"column":28},"end":{"line":345,"column":13}},"line":342},"61":{"name":"(anonymous_61)","decl":{"start":{"line":346,"column":18},"end":{"line":346,"column":19}},"loc":{"start":{"line":346,"column":24},"end":{"line":348,"column":13}},"line":346},"62":{"name":"(anonymous_62)","decl":{"start":{"line":349,"column":19},"end":{"line":349,"column":20}},"loc":{"start":{"line":349,"column":24},"end":{"line":351,"column":13}},"line":349},"63":{"name":"uploadVishResourceAsync","decl":{"start":{"line":355,"column":16},"end":{"line":355,"column":39}},"loc":{"start":{"line":355,"column":47},"end":{"line":407,"column":1}},"line":355},"64":{"name":"(anonymous_64)","decl":{"start":{"line":356,"column":11},"end":{"line":356,"column":12}},"loc":{"start":{"line":356,"column":23},"end":{"line":406,"column":5}},"line":356},"65":{"name":"(anonymous_65)","decl":{"start":{"line":376,"column":28},"end":{"line":376,"column":29}},"loc":{"start":{"line":376,"column":40},"end":{"line":384,"column":21}},"line":376},"66":{"name":"(anonymous_66)","decl":{"start":{"line":381,"column":52},"end":{"line":381,"column":53}},"loc":{"start":{"line":381,"column":60},"end":{"line":383,"column":25}},"line":381},"67":{"name":"(anonymous_67)","decl":{"start":{"line":385,"column":30},"end":{"line":385,"column":31}},"loc":{"start":{"line":385,"column":42},"end":{"line":388,"column":25}},"line":385},"68":{"name":"(anonymous_68)","decl":{"start":{"line":389,"column":31},"end":{"line":389,"column":32}},"loc":{"start":{"line":389,"column":36},"end":{"line":392,"column":25}},"line":389}},"branchMap":{"0":{"loc":{"start":{"line":246,"column":8},"end":{"line":267,"column":9}},"type":"if","locations":[{"start":{"line":246,"column":8},"end":{"line":267,"column":9}},{"start":{"line":246,"column":8},"end":{"line":267,"column":9}}],"line":246},"1":{"loc":{"start":{"line":246,"column":12},"end":{"line":246,"column":87}},"type":"binary-expr","locations":[{"start":{"line":246,"column":12},"end":{"line":246,"column":49}},{"start":{"line":246,"column":53},"end":{"line":246,"column":87}}],"line":246},"2":{"loc":{"start":{"line":256,"column":20},"end":{"line":258,"column":21}},"type":"if","locations":[{"start":{"line":256,"column":20},"end":{"line":258,"column":21}},{"start":{"line":256,"column":20},"end":{"line":258,"column":21}}],"line":256},"3":{"loc":{"start":{"line":284,"column":16},"end":{"line":286,"column":17}},"type":"if","locations":[{"start":{"line":284,"column":16},"end":{"line":286,"column":17}},{"start":{"line":284,"column":16},"end":{"line":286,"column":17}}],"line":284},"4":{"loc":{"start":{"line":292,"column":16},"end":{"line":296,"column":17}},"type":"if","locations":[{"start":{"line":292,"column":16},"end":{"line":296,"column":17}},{"start":{"line":292,"column":16},"end":{"line":296,"column":17}}],"line":292},"5":{"loc":{"start":{"line":312,"column":16},"end":{"line":314,"column":17}},"type":"if","locations":[{"start":{"line":312,"column":16},"end":{"line":314,"column":17}},{"start":{"line":312,"column":16},"end":{"line":314,"column":17}}],"line":312},"6":{"loc":{"start":{"line":337,"column":16},"end":{"line":339,"column":17}},"type":"if","locations":[{"start":{"line":337,"column":16},"end":{"line":339,"column":17}},{"start":{"line":337,"column":16},"end":{"line":339,"column":17}}],"line":337},"7":{"loc":{"start":{"line":358,"column":8},"end":{"line":404,"column":9}},"type":"if","locations":[{"start":{"line":358,"column":8},"end":{"line":404,"column":9}},{"start":{"line":358,"column":8},"end":{"line":404,"column":9}}],"line":358},"8":{"loc":{"start":{"line":358,"column":12},"end":{"line":358,"column":58}},"type":"binary-expr","locations":[{"start":{"line":358,"column":12},"end":{"line":358,"column":32}},{"start":{"line":358,"column":36},"end":{"line":358,"column":58}}],"line":358},"9":{"loc":{"start":{"line":359,"column":12},"end":{"line":399,"column":13}},"type":"if","locations":[{"start":{"line":359,"column":12},"end":{"line":399,"column":13}},{"start":{"line":359,"column":12},"end":{"line":399,"column":13}}],"line":359},"10":{"loc":{"start":{"line":360,"column":16},"end":{"line":394,"column":17}},"type":"if","locations":[{"start":{"line":360,"column":16},"end":{"line":394,"column":17}},{"start":{"line":360,"column":16},"end":{"line":394,"column":17}}],"line":360},"11":{"loc":{"start":{"line":366,"column":20},"end":{"line":369,"column":21}},"type":"if","locations":[{"start":{"line":366,"column":20},"end":{"line":369,"column":21}},{"start":{"line":366,"column":20},"end":{"line":369,"column":21}}],"line":366},"12":{"loc":{"start":{"line":377,"column":24},"end":{"line":379,"column":25}},"type":"if","locations":[{"start":{"line":377,"column":24},"end":{"line":379,"column":25}},{"start":{"line":377,"column":24},"end":{"line":379,"column":25}}],"line":377}},"s":{"0":12,"1":12,"2":12,"3":12,"4":12,"5":12,"6":12,"7":12,"8":12,"9":12,"10":12,"11":12,"12":12,"13":12,"14":12,"15":12,"16":12,"17":12,"18":12,"19":12,"20":12,"21":12,"22":12,"23":12,"24":12,"25":12,"26":12,"27":12,"28":12,"29":12,"30":12,"31":12,"32":12,"33":12,"34":12,"35":12,"36":12,"37":12,"38":12,"39":12,"40":12,"41":12,"42":12,"43":12,"44":0,"45":0,"46":0,"47":0,"48":0,"49":0,"50":0,"51":0,"52":0,"53":0,"54":0,"55":0,"56":0,"57":0,"58":0,"59":0,"60":0,"61":0,"62":0,"63":0,"64":0,"65":0,"66":0,"67":0,"68":0,"69":0,"70":0,"71":0,"72":0,"73":0,"74":0,"75":0,"76":0,"77":0,"78":0,"79":0,"80":0,"81":0,"82":0,"83":0,"84":0,"85":0,"86":0,"87":0,"88":0,"89":0,"90":0,"91":0,"92":0,"93":0,"94":0,"95":0,"96":0,"97":0,"98":0,"99":0,"100":0,"101":0,"102":0,"103":0,"104":0,"105":0,"106":0,"107":0,"108":0,"109":0,"110":0,"111":0,"112":0,"113":0,"114":0,"115":0,"116":0,"117":0,"118":0,"119":0,"120":0,"121":0,"122":0,"123":0,"124":0,"125":0,"126":0,"127":0,"128":0,"129":0,"130":0,"131":0,"132":0,"133":0,"134":0,"135":0,"136":0,"137":0,"138":0,"139":0,"140":0,"141":0,"142":0,"143":0,"144":0,"145":0,"146":0,"147":0,"148":0,"149":0,"150":0,"151":0,"152":0,"153":0,"154":0},"f":{"0":0,"1":0,"2":0,"3":0,"4":0,"5":0,"6":0,"7":0,"8":0,"9":0,"10":0,"11":0,"12":0,"13":0,"14":0,"15":0,"16":0,"17":0,"18":0,"19":0,"20":0,"21":0,"22":0,"23":0,"24":0,"25":0,"26":0,"27":0,"28":0,"29":0,"30":0,"31":0,"32":0,"33":0,"34":0,"35":0,"36":0,"37":0,"38":0,"39":0,"40":0,"41":0,"42":0,"43":0,"44":0,"45":0,"46":0,"47":0,"48":0,"49":0,"50":0,"51":0,"52":0,"53":0,"54":0,"55":0,"56":0,"57":0,"58":0,"59":0,"60":0,"61":0,"62":0,"63":0,"64":0,"65":0,"66":0,"67":0,"68":0},"b":{"0":[0,0],"1":[0,0],"2":[0,0],"3":[0,0],"4":[0,0],"5":[0,0],"6":[0,0],"7":[0,0],"8":[0,0],"9":[0,0],"10":[0,0],"11":[0,0],"12":[0,0]},"_coverageSchema":"332fd63041d2c1bcb487cc26dd0d5f7d97098a6c","hash":"bb8c51a5b054b2db9b8767bcae574f060424bdc3"}
,"/Users/lou/ediphy/common/constants.es6": {"path":"/Users/lou/ediphy/common/constants.es6","statementMap":{"0":{"start":{"line":1,"column":33},"end":{"line":1,"column":38}},"1":{"start":{"line":2,"column":30},"end":{"line":2,"column":35}},"2":{"start":{"line":3,"column":31},"end":{"line":3,"column":36}},"3":{"start":{"line":4,"column":29},"end":{"line":4,"column":34}},"4":{"start":{"line":5,"column":38},"end":{"line":5,"column":43}},"5":{"start":{"line":6,"column":44},"end":{"line":6,"column":49}},"6":{"start":{"line":7,"column":40},"end":{"line":7,"column":45}},"7":{"start":{"line":8,"column":35},"end":{"line":8,"column":40}},"8":{"start":{"line":9,"column":37},"end":{"line":9,"column":42}},"9":{"start":{"line":10,"column":26},"end":{"line":14,"column":1}}},"fnMap":{},"branchMap":{},"s":{"0":12,"1":12,"2":12,"3":12,"4":12,"5":12,"6":12,"7":12,"8":12,"9":12},"f":{},"b":{},"_coverageSchema":"332fd63041d2c1bcb487cc26dd0d5f7d97098a6c","hash":"7cfc9666746c7d64c43bfebf8852b55bdcbe5d62"}
,"/Users/lou/ediphy/common/utils.es6": {"path":"/Users/lou/ediphy/common/utils.es6","statementMap":{"0":{"start":{"line":7,"column":8},"end":{"line":7,"column":65}},"1":{"start":{"line":12,"column":4},"end":{"line":12,"column":39}},"2":{"start":{"line":16,"column":4},"end":{"line":16,"column":58}},"3":{"start":{"line":20,"column":4},"end":{"line":20,"column":37}},"4":{"start":{"line":24,"column":4},"end":{"line":24,"column":40}},"5":{"start":{"line":28,"column":4},"end":{"line":28,"column":61}},"6":{"start":{"line":32,"column":4},"end":{"line":32,"column":74}},"7":{"start":{"line":36,"column":4},"end":{"line":36,"column":57}},"8":{"start":{"line":40,"column":4},"end":{"line":40,"column":66}},"9":{"start":{"line":44,"column":4},"end":{"line":44,"column":68}},"10":{"start":{"line":48,"column":4},"end":{"line":48,"column":72}},"11":{"start":{"line":52,"column":4},"end":{"line":58,"column":5}},"12":{"start":{"line":53,"column":19},"end":{"line":53,"column":32}},"13":{"start":{"line":54,"column":8},"end":{"line":56,"column":9}},"14":{"start":{"line":55,"column":12},"end":{"line":55,"column":56}},"15":{"start":{"line":57,"column":8},"end":{"line":57,"column":20}},"16":{"start":{"line":60,"column":4},"end":{"line":60,"column":42}},"17":{"start":{"line":61,"column":4},"end":{"line":61,"column":21}},"18":{"start":{"line":77,"column":4},"end":{"line":80,"column":6}},"19":{"start":{"line":84,"column":4},"end":{"line":90,"column":5}},"20":{"start":{"line":85,"column":19},"end":{"line":85,"column":32}},"21":{"start":{"line":86,"column":8},"end":{"line":88,"column":9}},"22":{"start":{"line":87,"column":12},"end":{"line":87,"column":45}},"23":{"start":{"line":89,"column":8},"end":{"line":89,"column":20}},"24":{"start":{"line":91,"column":4},"end":{"line":91,"column":47}},"25":{"start":{"line":92,"column":4},"end":{"line":92,"column":21}},"26":{"start":{"line":105,"column":8},"end":{"line":105,"column":14}},"27":{"start":{"line":106,"column":4},"end":{"line":106,"column":16}},"28":{"start":{"line":110,"column":17},"end":{"line":110,"column":26}},"29":{"start":{"line":111,"column":4},"end":{"line":113,"column":7}},"30":{"start":{"line":112,"column":8},"end":{"line":112,"column":69}},"31":{"start":{"line":114,"column":4},"end":{"line":114,"column":18}},"32":{"start":{"line":119,"column":4},"end":{"line":123,"column":7}},"33":{"start":{"line":120,"column":8},"end":{"line":122,"column":9}},"34":{"start":{"line":121,"column":12},"end":{"line":121,"column":40}},"35":{"start":{"line":124,"column":4},"end":{"line":124,"column":24}},"36":{"start":{"line":128,"column":24},"end":{"line":128,"column":67}},"37":{"start":{"line":129,"column":27},"end":{"line":129,"column":82}},"38":{"start":{"line":129,"column":49},"end":{"line":129,"column":81}},"39":{"start":{"line":132,"column":21},"end":{"line":132,"column":44}},"40":{"start":{"line":134,"column":29},"end":{"line":134,"column":59}},"41":{"start":{"line":136,"column":4},"end":{"line":148,"column":5}},"42":{"start":{"line":137,"column":8},"end":{"line":137,"column":83}},"43":{"start":{"line":142,"column":8},"end":{"line":147,"column":9}},"44":{"start":{"line":143,"column":12},"end":{"line":146,"column":13}},"45":{"start":{"line":144,"column":16},"end":{"line":144,"column":31}},"46":{"start":{"line":145,"column":16},"end":{"line":145,"column":22}},"47":{"start":{"line":150,"column":19},"end":{"line":150,"column":56}},"48":{"start":{"line":151,"column":4},"end":{"line":151,"column":46}},"49":{"start":{"line":152,"column":4},"end":{"line":152,"column":67}},"50":{"start":{"line":154,"column":4},"end":{"line":154,"column":20}},"51":{"start":{"line":158,"column":4},"end":{"line":160,"column":5}},"52":{"start":{"line":159,"column":8},"end":{"line":159,"column":20}},"53":{"start":{"line":161,"column":19},"end":{"line":161,"column":41}},"54":{"start":{"line":162,"column":4},"end":{"line":164,"column":5}},"55":{"start":{"line":163,"column":8},"end":{"line":163,"column":20}},"56":{"start":{"line":165,"column":4},"end":{"line":167,"column":5}},"57":{"start":{"line":166,"column":8},"end":{"line":166,"column":21}},"58":{"start":{"line":169,"column":4},"end":{"line":181,"column":5}},"59":{"start":{"line":170,"column":31},"end":{"line":170,"column":55}},"60":{"start":{"line":171,"column":8},"end":{"line":180,"column":9}},"61":{"start":{"line":172,"column":12},"end":{"line":179,"column":13}},"62":{"start":{"line":173,"column":40},"end":{"line":173,"column":104}},"63":{"start":{"line":174,"column":16},"end":{"line":178,"column":17}},"64":{"start":{"line":175,"column":20},"end":{"line":177,"column":21}},"65":{"start":{"line":176,"column":24},"end":{"line":176,"column":36}},"66":{"start":{"line":183,"column":4},"end":{"line":183,"column":61}},"67":{"start":{"line":192,"column":16},"end":{"line":192,"column":18}},"68":{"start":{"line":193,"column":4},"end":{"line":201,"column":5}},"69":{"start":{"line":194,"column":8},"end":{"line":200,"column":9}},"70":{"start":{"line":195,"column":27},"end":{"line":195,"column":72}},"71":{"start":{"line":196,"column":22},"end":{"line":196,"column":44}},"72":{"start":{"line":197,"column":12},"end":{"line":199,"column":13}},"73":{"start":{"line":198,"column":16},"end":{"line":198,"column":32}},"74":{"start":{"line":202,"column":4},"end":{"line":204,"column":5}},"75":{"start":{"line":203,"column":8},"end":{"line":203,"column":52}},"76":{"start":{"line":205,"column":4},"end":{"line":205,"column":25}},"77":{"start":{"line":214,"column":16},"end":{"line":214,"column":18}},"78":{"start":{"line":215,"column":4},"end":{"line":231,"column":5}},"79":{"start":{"line":216,"column":8},"end":{"line":230,"column":9}},"80":{"start":{"line":225,"column":27},"end":{"line":225,"column":124}},"81":{"start":{"line":226,"column":22},"end":{"line":226,"column":44}},"82":{"start":{"line":227,"column":12},"end":{"line":229,"column":13}},"83":{"start":{"line":228,"column":16},"end":{"line":228,"column":32}},"84":{"start":{"line":232,"column":4},"end":{"line":234,"column":5}},"85":{"start":{"line":233,"column":8},"end":{"line":233,"column":52}},"86":{"start":{"line":235,"column":4},"end":{"line":235,"column":25}},"87":{"start":{"line":244,"column":4},"end":{"line":248,"column":5}},"88":{"start":{"line":245,"column":8},"end":{"line":247,"column":9}},"89":{"start":{"line":246,"column":12},"end":{"line":246,"column":24}},"90":{"start":{"line":249,"column":4},"end":{"line":249,"column":17}},"91":{"start":{"line":258,"column":16},"end":{"line":258,"column":51}},"92":{"start":{"line":259,"column":14},"end":{"line":259,"column":28}},"93":{"start":{"line":260,"column":4},"end":{"line":262,"column":5}},"94":{"start":{"line":261,"column":8},"end":{"line":261,"column":29}},"95":{"start":{"line":263,"column":4},"end":{"line":263,"column":15}},"96":{"start":{"line":276,"column":0},"end":{"line":313,"column":2}},"97":{"start":{"line":277,"column":4},"end":{"line":277,"column":74}},"98":{"start":{"line":278,"column":4},"end":{"line":278,"column":80}},"99":{"start":{"line":280,"column":20},"end":{"line":280,"column":22}},"100":{"start":{"line":281,"column":17},"end":{"line":281,"column":40}},"101":{"start":{"line":282,"column":4},"end":{"line":310,"column":5}},"102":{"start":{"line":283,"column":8},"end":{"line":285,"column":9}},"103":{"start":{"line":287,"column":20},"end":{"line":287,"column":36}},"104":{"start":{"line":288,"column":26},"end":{"line":288,"column":34}},"105":{"start":{"line":290,"column":8},"end":{"line":292,"column":9}},"106":{"start":{"line":291,"column":12},"end":{"line":291,"column":64}},"107":{"start":{"line":294,"column":8},"end":{"line":307,"column":9}},"108":{"start":{"line":295,"column":12},"end":{"line":306,"column":13}},"109":{"start":{"line":296,"column":19},"end":{"line":306,"column":13}},"110":{"start":{"line":297,"column":26},"end":{"line":297,"column":99}},"111":{"start":{"line":298,"column":16},"end":{"line":300,"column":19}},"112":{"start":{"line":299,"column":20},"end":{"line":299,"column":34}},"113":{"start":{"line":302,"column":19},"end":{"line":306,"column":13}},"114":{"start":{"line":303,"column":16},"end":{"line":303,"column":98}},"115":{"start":{"line":304,"column":19},"end":{"line":306,"column":13}},"116":{"start":{"line":305,"column":16},"end":{"line":305,"column":59}},"117":{"start":{"line":309,"column":8},"end":{"line":309,"column":39}},"118":{"start":{"line":312,"column":4},"end":{"line":312,"column":21}}},"fnMap":{"0":{"name":"(anonymous_0)","decl":{"start":{"line":6,"column":15},"end":{"line":6,"column":16}},"loc":{"start":{"line":6,"column":31},"end":{"line":8,"column":5}},"line":6},"1":{"name":"isView","decl":{"start":{"line":11,"column":16},"end":{"line":11,"column":22}},"loc":{"start":{"line":11,"column":27},"end":{"line":13,"column":1}},"line":11},"2":{"name":"isPage","decl":{"start":{"line":15,"column":16},"end":{"line":15,"column":22}},"loc":{"start":{"line":15,"column":27},"end":{"line":17,"column":1}},"line":15},"3":{"name":"isSlide","decl":{"start":{"line":19,"column":16},"end":{"line":19,"column":23}},"loc":{"start":{"line":19,"column":30},"end":{"line":21,"column":1}},"line":19},"4":{"name":"isDocument","decl":{"start":{"line":23,"column":16},"end":{"line":23,"column":26}},"loc":{"start":{"line":23,"column":33},"end":{"line":25,"column":1}},"line":23},"5":{"name":"isSection","decl":{"start":{"line":27,"column":16},"end":{"line":27,"column":25}},"loc":{"start":{"line":27,"column":30},"end":{"line":29,"column":1}},"line":27},"6":{"name":"isCanvasElement","decl":{"start":{"line":31,"column":16},"end":{"line":31,"column":31}},"loc":{"start":{"line":31,"column":44},"end":{"line":33,"column":1}},"line":31},"7":{"name":"isBox","decl":{"start":{"line":35,"column":16},"end":{"line":35,"column":21}},"loc":{"start":{"line":35,"column":26},"end":{"line":37,"column":1}},"line":35},"8":{"name":"isSortableBox","decl":{"start":{"line":39,"column":16},"end":{"line":39,"column":29}},"loc":{"start":{"line":39,"column":34},"end":{"line":41,"column":1}},"line":39},"9":{"name":"isContainedView","decl":{"start":{"line":43,"column":16},"end":{"line":43,"column":31}},"loc":{"start":{"line":43,"column":36},"end":{"line":45,"column":1}},"line":43},"10":{"name":"isSortableContainer","decl":{"start":{"line":47,"column":16},"end":{"line":47,"column":35}},"loc":{"start":{"line":47,"column":40},"end":{"line":49,"column":1}},"line":47},"11":{"name":"changeProps","decl":{"start":{"line":51,"column":16},"end":{"line":51,"column":27}},"loc":{"start":{"line":51,"column":50},"end":{"line":62,"column":1}},"line":51},"12":{"name":"changeProp","decl":{"start":{"line":64,"column":16},"end":{"line":64,"column":26}},"loc":{"start":{"line":64,"column":47},"end":{"line":81,"column":1}},"line":64},"13":{"name":"deleteProps","decl":{"start":{"line":83,"column":16},"end":{"line":83,"column":27}},"loc":{"start":{"line":83,"column":42},"end":{"line":93,"column":1}},"line":83},"14":{"name":"deleteProp","decl":{"start":{"line":95,"column":16},"end":{"line":95,"column":26}},"loc":{"start":{"line":95,"column":40},"end":{"line":107,"column":1}},"line":95},"15":{"name":"findDescendantNavItems","decl":{"start":{"line":109,"column":16},"end":{"line":109,"column":38}},"loc":{"start":{"line":109,"column":55},"end":{"line":115,"column":1}},"line":109},"16":{"name":"(anonymous_16)","decl":{"start":{"line":111,"column":36},"end":{"line":111,"column":37}},"loc":{"start":{"line":111,"column":45},"end":{"line":113,"column":5}},"line":111},"17":{"name":"findNavItemContainingBox","decl":{"start":{"line":117,"column":16},"end":{"line":117,"column":40}},"loc":{"start":{"line":117,"column":57},"end":{"line":125,"column":1}},"line":117},"18":{"name":"(anonymous_18)","decl":{"start":{"line":119,"column":31},"end":{"line":119,"column":32}},"loc":{"start":{"line":119,"column":40},"end":{"line":123,"column":5}},"line":119},"19":{"name":"calculateNewIdOrder","decl":{"start":{"line":127,"column":16},"end":{"line":127,"column":35}},"loc":{"start":{"line":127,"column":91},"end":{"line":155,"column":1}},"line":127},"20":{"name":"(anonymous_20)","decl":{"start":{"line":129,"column":43},"end":{"line":129,"column":44}},"loc":{"start":{"line":129,"column":49},"end":{"line":129,"column":81}},"line":129},"21":{"name":"isAncestorOrSibling","decl":{"start":{"line":157,"column":16},"end":{"line":157,"column":35}},"loc":{"start":{"line":157,"column":66},"end":{"line":184,"column":1}},"line":157},"22":{"name":"nextAvailName","decl":{"start":{"line":191,"column":16},"end":{"line":191,"column":29}},"loc":{"start":{"line":191,"column":57},"end":{"line":206,"column":1}},"line":191},"23":{"name":"nextToolbarAvailName","decl":{"start":{"line":213,"column":16},"end":{"line":213,"column":36}},"loc":{"start":{"line":213,"column":49},"end":{"line":236,"column":1}},"line":213},"24":{"name":"collectionHas","decl":{"start":{"line":243,"column":9},"end":{"line":243,"column":22}},"loc":{"start":{"line":243,"column":29},"end":{"line":250,"column":1}},"line":243},"25":{"name":"findParentBySelector","decl":{"start":{"line":257,"column":16},"end":{"line":257,"column":36}},"loc":{"start":{"line":257,"column":52},"end":{"line":264,"column":1}},"line":257},"26":{"name":"(anonymous_26)","decl":{"start":{"line":276,"column":20},"end":{"line":276,"column":21}},"loc":{"start":{"line":276,"column":86},"end":{"line":313,"column":1}},"line":276},"27":{"name":"(anonymous_27)","decl":{"start":{"line":298,"column":45},"end":{"line":298,"column":46}},"loc":{"start":{"line":298,"column":57},"end":{"line":300,"column":17}},"line":298}},"branchMap":{"0":{"loc":{"start":{"line":7,"column":15},"end":{"line":7,"column":64}},"type":"cond-expr","locations":[{"start":{"line":7,"column":23},"end":{"line":7,"column":56}},{"start":{"line":7,"column":59},"end":{"line":7,"column":64}}],"line":7},"1":{"loc":{"start":{"line":12,"column":11},"end":{"line":12,"column":38}},"type":"binary-expr","locations":[{"start":{"line":12,"column":11},"end":{"line":12,"column":21}},{"start":{"line":12,"column":25},"end":{"line":12,"column":38}}],"line":12},"2":{"loc":{"start":{"line":16,"column":11},"end":{"line":16,"column":57}},"type":"binary-expr","locations":[{"start":{"line":16,"column":11},"end":{"line":16,"column":20}},{"start":{"line":16,"column":24},"end":{"line":16,"column":57}}],"line":16},"3":{"loc":{"start":{"line":28,"column":11},"end":{"line":28,"column":60}},"type":"binary-expr","locations":[{"start":{"line":28,"column":11},"end":{"line":28,"column":20}},{"start":{"line":28,"column":24},"end":{"line":28,"column":60}}],"line":28},"4":{"loc":{"start":{"line":32,"column":11},"end":{"line":32,"column":73}},"type":"binary-expr","locations":[{"start":{"line":32,"column":11},"end":{"line":32,"column":21}},{"start":{"line":32,"column":26},"end":{"line":32,"column":39}},{"start":{"line":32,"column":43},"end":{"line":32,"column":49}},{"start":{"line":32,"column":54},"end":{"line":32,"column":73}}],"line":32},"5":{"loc":{"start":{"line":36,"column":11},"end":{"line":36,"column":56}},"type":"binary-expr","locations":[{"start":{"line":36,"column":11},"end":{"line":36,"column":20}},{"start":{"line":36,"column":24},"end":{"line":36,"column":56}}],"line":36},"6":{"loc":{"start":{"line":40,"column":11},"end":{"line":40,"column":65}},"type":"binary-expr","locations":[{"start":{"line":40,"column":11},"end":{"line":40,"column":20}},{"start":{"line":40,"column":24},"end":{"line":40,"column":65}}],"line":40},"7":{"loc":{"start":{"line":44,"column":11},"end":{"line":44,"column":67}},"type":"binary-expr","locations":[{"start":{"line":44,"column":11},"end":{"line":44,"column":20}},{"start":{"line":44,"column":24},"end":{"line":44,"column":67}}],"line":44},"8":{"loc":{"start":{"line":48,"column":11},"end":{"line":48,"column":71}},"type":"binary-expr","locations":[{"start":{"line":48,"column":11},"end":{"line":48,"column":20}},{"start":{"line":48,"column":24},"end":{"line":48,"column":71}}],"line":48},"9":{"loc":{"start":{"line":52,"column":4},"end":{"line":58,"column":5}},"type":"if","locations":[{"start":{"line":52,"column":4},"end":{"line":58,"column":5}},{"start":{"line":52,"column":4},"end":{"line":58,"column":5}}],"line":52},"10":{"loc":{"start":{"line":52,"column":8},"end":{"line":52,"column":85}},"type":"binary-expr","locations":[{"start":{"line":52,"column":8},"end":{"line":52,"column":27}},{"start":{"line":52,"column":31},"end":{"line":52,"column":52}},{"start":{"line":52,"column":56},"end":{"line":52,"column":85}}],"line":52},"11":{"loc":{"start":{"line":84,"column":4},"end":{"line":90,"column":5}},"type":"if","locations":[{"start":{"line":84,"column":4},"end":{"line":90,"column":5}},{"start":{"line":84,"column":4},"end":{"line":90,"column":5}}],"line":84},"12":{"loc":{"start":{"line":120,"column":8},"end":{"line":122,"column":9}},"type":"if","locations":[{"start":{"line":120,"column":8},"end":{"line":122,"column":9}},{"start":{"line":120,"column":8},"end":{"line":122,"column":9}}],"line":120},"13":{"loc":{"start":{"line":136,"column":4},"end":{"line":148,"column":5}},"type":"if","locations":[{"start":{"line":136,"column":4},"end":{"line":148,"column":5}},{"start":{"line":136,"column":4},"end":{"line":148,"column":5}}],"line":136},"14":{"loc":{"start":{"line":143,"column":12},"end":{"line":146,"column":13}},"type":"if","locations":[{"start":{"line":143,"column":12},"end":{"line":146,"column":13}},{"start":{"line":143,"column":12},"end":{"line":146,"column":13}}],"line":143},"15":{"loc":{"start":{"line":158,"column":4},"end":{"line":160,"column":5}},"type":"if","locations":[{"start":{"line":158,"column":4},"end":{"line":160,"column":5}},{"start":{"line":158,"column":4},"end":{"line":160,"column":5}}],"line":158},"16":{"loc":{"start":{"line":162,"column":4},"end":{"line":164,"column":5}},"type":"if","locations":[{"start":{"line":162,"column":4},"end":{"line":164,"column":5}},{"start":{"line":162,"column":4},"end":{"line":164,"column":5}}],"line":162},"17":{"loc":{"start":{"line":165,"column":4},"end":{"line":167,"column":5}},"type":"if","locations":[{"start":{"line":165,"column":4},"end":{"line":167,"column":5}},{"start":{"line":165,"column":4},"end":{"line":167,"column":5}}],"line":165},"18":{"loc":{"start":{"line":169,"column":4},"end":{"line":181,"column":5}},"type":"if","locations":[{"start":{"line":169,"column":4},"end":{"line":181,"column":5}},{"start":{"line":169,"column":4},"end":{"line":181,"column":5}}],"line":169},"19":{"loc":{"start":{"line":171,"column":8},"end":{"line":180,"column":9}},"type":"if","locations":[{"start":{"line":171,"column":8},"end":{"line":180,"column":9}},{"start":{"line":171,"column":8},"end":{"line":180,"column":9}}],"line":171},"20":{"loc":{"start":{"line":175,"column":20},"end":{"line":177,"column":21}},"type":"if","locations":[{"start":{"line":175,"column":20},"end":{"line":177,"column":21}},{"start":{"line":175,"column":20},"end":{"line":177,"column":21}}],"line":175},"21":{"loc":{"start":{"line":191,"column":42},"end":{"line":191,"column":55}},"type":"default-arg","locations":[{"start":{"line":191,"column":49},"end":{"line":191,"column":55}}],"line":191},"22":{"loc":{"start":{"line":194,"column":8},"end":{"line":200,"column":9}},"type":"if","locations":[{"start":{"line":194,"column":8},"end":{"line":200,"column":9}},{"start":{"line":194,"column":8},"end":{"line":200,"column":9}}],"line":194},"23":{"loc":{"start":{"line":194,"column":12},"end":{"line":194,"column":70}},"type":"binary-expr","locations":[{"start":{"line":194,"column":12},"end":{"line":194,"column":29}},{"start":{"line":194,"column":33},"end":{"line":194,"column":70}}],"line":194},"24":{"loc":{"start":{"line":197,"column":12},"end":{"line":199,"column":13}},"type":"if","locations":[{"start":{"line":197,"column":12},"end":{"line":199,"column":13}},{"start":{"line":197,"column":12},"end":{"line":199,"column":13}}],"line":197},"25":{"loc":{"start":{"line":202,"column":4},"end":{"line":204,"column":5}},"type":"if","locations":[{"start":{"line":202,"column":4},"end":{"line":204,"column":5}},{"start":{"line":202,"column":4},"end":{"line":204,"column":5}}],"line":202},"26":{"loc":{"start":{"line":216,"column":8},"end":{"line":230,"column":9}},"type":"if","locations":[{"start":{"line":216,"column":8},"end":{"line":230,"column":9}},{"start":{"line":216,"column":8},"end":{"line":230,"column":9}}],"line":216},"27":{"loc":{"start":{"line":216,"column":12},"end":{"line":224,"column":101}},"type":"binary-expr","locations":[{"start":{"line":216,"column":12},"end":{"line":216,"column":23}},{"start":{"line":217,"column":12},"end":{"line":217,"column":32}},{"start":{"line":218,"column":12},"end":{"line":218,"column":37}},{"start":{"line":219,"column":12},"end":{"line":219,"column":48}},{"start":{"line":220,"column":12},"end":{"line":220,"column":54}},{"start":{"line":221,"column":12},"end":{"line":221,"column":62}},{"start":{"line":222,"column":12},"end":{"line":222,"column":75}},{"start":{"line":223,"column":12},"end":{"line":223,"column":81}},{"start":{"line":224,"column":12},"end":{"line":224,"column":101}}],"line":216},"28":{"loc":{"start":{"line":227,"column":12},"end":{"line":229,"column":13}},"type":"if","locations":[{"start":{"line":227,"column":12},"end":{"line":229,"column":13}},{"start":{"line":227,"column":12},"end":{"line":229,"column":13}}],"line":227},"29":{"loc":{"start":{"line":232,"column":4},"end":{"line":234,"column":5}},"type":"if","locations":[{"start":{"line":232,"column":4},"end":{"line":234,"column":5}},{"start":{"line":232,"column":4},"end":{"line":234,"column":5}}],"line":232},"30":{"loc":{"start":{"line":245,"column":8},"end":{"line":247,"column":9}},"type":"if","locations":[{"start":{"line":245,"column":8},"end":{"line":247,"column":9}},{"start":{"line":245,"column":8},"end":{"line":247,"column":9}}],"line":245},"31":{"loc":{"start":{"line":260,"column":11},"end":{"line":260,"column":42}},"type":"binary-expr","locations":[{"start":{"line":260,"column":11},"end":{"line":260,"column":14}},{"start":{"line":260,"column":18},"end":{"line":260,"column":42}}],"line":260},"32":{"loc":{"start":{"line":277,"column":18},"end":{"line":277,"column":73}},"type":"cond-expr","locations":[{"start":{"line":277,"column":55},"end":{"line":277,"column":59}},{"start":{"line":277,"column":62},"end":{"line":277,"column":73}}],"line":277},"33":{"loc":{"start":{"line":278,"column":20},"end":{"line":278,"column":79}},"type":"cond-expr","locations":[{"start":{"line":278,"column":59},"end":{"line":278,"column":63}},{"start":{"line":278,"column":66},"end":{"line":278,"column":79}}],"line":278},"34":{"loc":{"start":{"line":283,"column":8},"end":{"line":285,"column":9}},"type":"if","locations":[{"start":{"line":283,"column":8},"end":{"line":285,"column":9}},{"start":{"line":283,"column":8},"end":{"line":285,"column":9}}],"line":283},"35":{"loc":{"start":{"line":290,"column":8},"end":{"line":292,"column":9}},"type":"if","locations":[{"start":{"line":290,"column":8},"end":{"line":292,"column":9}},{"start":{"line":290,"column":8},"end":{"line":292,"column":9}}],"line":290},"36":{"loc":{"start":{"line":294,"column":8},"end":{"line":307,"column":9}},"type":"if","locations":[{"start":{"line":294,"column":8},"end":{"line":307,"column":9}},{"start":{"line":294,"column":8},"end":{"line":307,"column":9}}],"line":294},"37":{"loc":{"start":{"line":295,"column":12},"end":{"line":306,"column":13}},"type":"if","locations":[{"start":{"line":295,"column":12},"end":{"line":306,"column":13}},{"start":{"line":295,"column":12},"end":{"line":306,"column":13}}],"line":295},"38":{"loc":{"start":{"line":295,"column":16},"end":{"line":295,"column":144}},"type":"binary-expr","locations":[{"start":{"line":295,"column":16},"end":{"line":295,"column":30}},{"start":{"line":295,"column":35},"end":{"line":295,"column":57}},{"start":{"line":295,"column":61},"end":{"line":295,"column":79}},{"start":{"line":295,"column":85},"end":{"line":295,"column":108}},{"start":{"line":295,"column":112},"end":{"line":295,"column":143}}],"line":295},"39":{"loc":{"start":{"line":296,"column":19},"end":{"line":306,"column":13}},"type":"if","locations":[{"start":{"line":296,"column":19},"end":{"line":306,"column":13}},{"start":{"line":296,"column":19},"end":{"line":306,"column":13}}],"line":296},"40":{"loc":{"start":{"line":302,"column":19},"end":{"line":306,"column":13}},"type":"if","locations":[{"start":{"line":302,"column":19},"end":{"line":306,"column":13}},{"start":{"line":302,"column":19},"end":{"line":306,"column":13}}],"line":302},"41":{"loc":{"start":{"line":304,"column":19},"end":{"line":306,"column":13}},"type":"if","locations":[{"start":{"line":304,"column":19},"end":{"line":306,"column":13}},{"start":{"line":304,"column":19},"end":{"line":306,"column":13}}],"line":304}},"s":{"0":0,"1":0,"2":0,"3":0,"4":0,"5":0,"6":0,"7":1,"8":10,"9":9,"10":0,"11":0,"12":0,"13":0,"14":0,"15":0,"16":0,"17":0,"18":0,"19":0,"20":0,"21":0,"22":0,"23":0,"24":0,"25":0,"26":0,"27":0,"28":0,"29":0,"30":0,"31":0,"32":0,"33":0,"34":0,"35":0,"36":0,"37":0,"38":0,"39":0,"40":0,"41":0,"42":0,"43":0,"44":0,"45":0,"46":0,"47":0,"48":0,"49":0,"50":0,"51":0,"52":0,"53":0,"54":0,"55":0,"56":0,"57":0,"58":0,"59":0,"60":0,"61":0,"62":0,"63":0,"64":0,"65":0,"66":0,"67":0,"68":0,"69":0,"70":0,"71":0,"72":0,"73":0,"74":0,"75":0,"76":0,"77":0,"78":0,"79":0,"80":0,"81":0,"82":0,"83":0,"84":0,"85":0,"86":0,"87":0,"88":0,"89":0,"90":0,"91":0,"92":0,"93":0,"94":0,"95":0,"96":12,"97":0,"98":0,"99":0,"100":0,"101":0,"102":0,"103":0,"104":0,"105":0,"106":0,"107":0,"108":0,"109":0,"110":0,"111":0,"112":0,"113":0,"114":0,"115":0,"116":0,"117":0,"118":0},"f":{"0":0,"1":0,"2":0,"3":0,"4":0,"5":0,"6":0,"7":1,"8":10,"9":9,"10":0,"11":0,"12":0,"13":0,"14":0,"15":0,"16":0,"17":0,"18":0,"19":0,"20":0,"21":0,"22":0,"23":0,"24":0,"25":0,"26":0,"27":0},"b":{"0":[0,0],"1":[0,0],"2":[0,0],"3":[0,0],"4":[0,0,0,0],"5":[1,1],"6":[10,10],"7":[9,8],"8":[0,0],"9":[0,0],"10":[0,0,0],"11":[0,0],"12":[0,0],"13":[0,0],"14":[0,0],"15":[0,0],"16":[0,0],"17":[0,0],"18":[0,0],"19":[0,0],"20":[0,0],"21":[0],"22":[0,0],"23":[0,0],"24":[0,0],"25":[0,0],"26":[0,0],"27":[0,0,0,0,0,0,0,0,0],"28":[0,0],"29":[0,0],"30":[0,0],"31":[0,0],"32":[0,0],"33":[0,0],"34":[0,0],"35":[0,0],"36":[0,0],"37":[0,0],"38":[0,0,0,0,0],"39":[0,0],"40":[0,0],"41":[0,0]},"_coverageSchema":"332fd63041d2c1bcb487cc26dd0d5f7d97098a6c","hash":"520afe94b41bb96bac1a6d1d26573b0749f6fcfe"}
,"/Users/lou/ediphy/core/api.es6": {"path":"/Users/lou/ediphy/core/api.es6","statementMap":{"0":{"start":{"line":4,"column":4},"end":{"line":41,"column":6}},"1":{"start":{"line":6,"column":12},"end":{"line":6,"column":84}},"2":{"start":{"line":9,"column":12},"end":{"line":9,"column":90}},"3":{"start":{"line":12,"column":26},"end":{"line":14,"column":14}},"4":{"start":{"line":13,"column":16},"end":{"line":13,"column":95}},"5":{"start":{"line":15,"column":12},"end":{"line":15,"column":106}},"6":{"start":{"line":16,"column":12},"end":{"line":16,"column":27}},"7":{"start":{"line":19,"column":12},"end":{"line":19,"column":114}},"8":{"start":{"line":22,"column":12},"end":{"line":22,"column":106}},"9":{"start":{"line":25,"column":12},"end":{"line":25,"column":86}},"10":{"start":{"line":28,"column":12},"end":{"line":30,"column":13}},"11":{"start":{"line":29,"column":16},"end":{"line":29,"column":48}},"12":{"start":{"line":31,"column":12},"end":{"line":39,"column":15}},"13":{"start":{"line":46,"column":4},"end":{"line":98,"column":6}},"14":{"start":{"line":77,"column":24},"end":{"line":77,"column":72}},"15":{"start":{"line":78,"column":12},"end":{"line":78,"column":40}},"16":{"start":{"line":81,"column":12},"end":{"line":81,"column":58}},"17":{"start":{"line":84,"column":24},"end":{"line":84,"column":74}},"18":{"start":{"line":85,"column":12},"end":{"line":85,"column":40}},"19":{"start":{"line":88,"column":12},"end":{"line":88,"column":79}},"20":{"start":{"line":89,"column":12},"end":{"line":89,"column":66}},"21":{"start":{"line":92,"column":12},"end":{"line":92,"column":69}},"22":{"start":{"line":93,"column":12},"end":{"line":93,"column":40}},"23":{"start":{"line":96,"column":12},"end":{"line":96,"column":51}}},"fnMap":{"0":{"name":"api","decl":{"start":{"line":3,"column":16},"end":{"line":3,"column":19}},"loc":{"start":{"line":3,"column":22},"end":{"line":42,"column":1}},"line":3},"1":{"name":"(anonymous_1)","decl":{"start":{"line":5,"column":24},"end":{"line":5,"column":25}},"loc":{"start":{"line":5,"column":39},"end":{"line":7,"column":9}},"line":5},"2":{"name":"(anonymous_2)","decl":{"start":{"line":8,"column":32},"end":{"line":8,"column":33}},"loc":{"start":{"line":8,"column":43},"end":{"line":10,"column":9}},"line":8},"3":{"name":"(anonymous_3)","decl":{"start":{"line":11,"column":20},"end":{"line":11,"column":21}},"loc":{"start":{"line":11,"column":43},"end":{"line":17,"column":9}},"line":11},"4":{"name":"(anonymous_4)","decl":{"start":{"line":12,"column":38},"end":{"line":12,"column":39}},"loc":{"start":{"line":12,"column":56},"end":{"line":14,"column":13}},"line":12},"5":{"name":"(anonymous_5)","decl":{"start":{"line":18,"column":22},"end":{"line":18,"column":23}},"loc":{"start":{"line":18,"column":49},"end":{"line":20,"column":9}},"line":18},"6":{"name":"(anonymous_6)","decl":{"start":{"line":21,"column":23},"end":{"line":21,"column":24}},"loc":{"start":{"line":21,"column":57},"end":{"line":23,"column":9}},"line":21},"7":{"name":"(anonymous_7)","decl":{"start":{"line":24,"column":20},"end":{"line":24,"column":21}},"loc":{"start":{"line":24,"column":33},"end":{"line":26,"column":9}},"line":24},"8":{"name":"(anonymous_8)","decl":{"start":{"line":27,"column":22},"end":{"line":27,"column":23}},"loc":{"start":{"line":27,"column":89},"end":{"line":40,"column":9}},"line":27},"9":{"name":"api_private","decl":{"start":{"line":44,"column":16},"end":{"line":44,"column":27}},"loc":{"start":{"line":44,"column":30},"end":{"line":99,"column":1}},"line":44},"10":{"name":"(anonymous_10)","decl":{"start":{"line":76,"column":14},"end":{"line":76,"column":15}},"loc":{"start":{"line":76,"column":37},"end":{"line":79,"column":9}},"line":76},"11":{"name":"(anonymous_11)","decl":{"start":{"line":80,"column":24},"end":{"line":80,"column":25}},"loc":{"start":{"line":80,"column":50},"end":{"line":82,"column":9}},"line":80},"12":{"name":"(anonymous_12)","decl":{"start":{"line":83,"column":16},"end":{"line":83,"column":17}},"loc":{"start":{"line":83,"column":39},"end":{"line":86,"column":9}},"line":83},"13":{"name":"(anonymous_13)","decl":{"start":{"line":87,"column":22},"end":{"line":87,"column":23}},"loc":{"start":{"line":87,"column":47},"end":{"line":90,"column":9}},"line":87},"14":{"name":"(anonymous_14)","decl":{"start":{"line":91,"column":27},"end":{"line":91,"column":28}},"loc":{"start":{"line":91,"column":65},"end":{"line":94,"column":9}},"line":91},"15":{"name":"(anonymous_15)","decl":{"start":{"line":95,"column":23},"end":{"line":95,"column":24}},"loc":{"start":{"line":95,"column":39},"end":{"line":97,"column":9}},"line":95}},"branchMap":{"0":{"loc":{"start":{"line":28,"column":12},"end":{"line":30,"column":13}},"type":"if","locations":[{"start":{"line":28,"column":12},"end":{"line":30,"column":13}},{"start":{"line":28,"column":12},"end":{"line":30,"column":13}}],"line":28}},"s":{"0":12,"1":0,"2":0,"3":0,"4":0,"5":0,"6":0,"7":0,"8":0,"9":0,"10":0,"11":0,"12":0,"13":12,"14":0,"15":0,"16":0,"17":0,"18":0,"19":0,"20":0,"21":0,"22":0,"23":0},"f":{"0":12,"1":0,"2":0,"3":0,"4":0,"5":0,"6":0,"7":0,"8":0,"9":12,"10":0,"11":0,"12":0,"13":0,"14":0,"15":0},"b":{"0":[0,0]},"_coverageSchema":"332fd63041d2c1bcb487cc26dd0d5f7d97098a6c","hash":"630eec0ec148bb4faf6df676aca84b15a1fc2b2a"}
,"/Users/lou/ediphy/core/config.es6": {"path":"/Users/lou/ediphy/core/config.es6","statementMap":{},"fnMap":{},"branchMap":{},"s":{},"f":{},"b":{},"_coverageSchema":"332fd63041d2c1bcb487cc26dd0d5f7d97098a6c","hash":"340423c890069ff2400e4b7b53d995ebf54f384d"}
,"/Users/lou/ediphy/core/config_noserver.es6": {"path":"/Users/lou/ediphy/core/config_noserver.es6","statementMap":{},"fnMap":{},"branchMap":{},"s":{},"f":{},"b":{},"_coverageSchema":"332fd63041d2c1bcb487cc26dd0d5f7d97098a6c","hash":"baaccbadec89e28ff662d74f96ec689abaa42d85"}
,"/Users/lou/ediphy/core/config_production.es6": {"path":"/Users/lou/ediphy/core/config_production.es6","statementMap":{},"fnMap":{},"branchMap":{},"s":{},"f":{},"b":{},"_coverageSchema":"332fd63041d2c1bcb487cc26dd0d5f7d97098a6c","hash":"75e9ca0d7c361b553e6844001701111d93cc10e3"}
,"/Users/lou/ediphy/core/editor/base_plugin.es6": {"path":"/Users/lou/ediphy/core/editor/base_plugin.es6","statementMap":{"0":{"start":{"line":4,"column":16},"end":{"line":4,"column":46}},"1":{"start":{"line":7,"column":47},"end":{"line":7,"column":49}},"2":{"start":{"line":9,"column":21},"end":{"line":18,"column":5}},"3":{"start":{"line":10,"column":8},"end":{"line":12,"column":9}},"4":{"start":{"line":11,"column":12},"end":{"line":11,"column":23}},"5":{"start":{"line":14,"column":8},"end":{"line":16,"column":9}},"6":{"start":{"line":15,"column":12},"end":{"line":15,"column":31}},"7":{"start":{"line":17,"column":8},"end":{"line":17,"column":21}},"8":{"start":{"line":20,"column":35},"end":{"line":39,"column":5}},"9":{"start":{"line":21,"column":8},"end":{"line":25,"column":9}},"10":{"start":{"line":22,"column":12},"end":{"line":24,"column":13}},"11":{"start":{"line":23,"column":16},"end":{"line":23,"column":56}},"12":{"start":{"line":26,"column":8},"end":{"line":38,"column":9}},"13":{"start":{"line":27,"column":12},"end":{"line":29,"column":13}},"14":{"start":{"line":28,"column":16},"end":{"line":28,"column":48}},"15":{"start":{"line":30,"column":22},"end":{"line":30,"column":50}},"16":{"start":{"line":31,"column":12},"end":{"line":37,"column":13}},"17":{"start":{"line":32,"column":16},"end":{"line":32,"column":77}},"18":{"start":{"line":33,"column":19},"end":{"line":37,"column":13}},"19":{"start":{"line":34,"column":16},"end":{"line":34,"column":81}},"20":{"start":{"line":35,"column":16},"end":{"line":35,"column":93}},"21":{"start":{"line":36,"column":16},"end":{"line":36,"column":89}},"22":{"start":{"line":41,"column":17},"end":{"line":377,"column":5}},"23":{"start":{"line":43,"column":12},"end":{"line":43,"column":29}},"24":{"start":{"line":45,"column":12},"end":{"line":59,"column":15}},"25":{"start":{"line":46,"column":16},"end":{"line":58,"column":17}},"26":{"start":{"line":57,"column":20},"end":{"line":57,"column":54}},"27":{"start":{"line":62,"column":12},"end":{"line":64,"column":13}},"28":{"start":{"line":63,"column":16},"end":{"line":63,"column":34}},"29":{"start":{"line":67,"column":12},"end":{"line":72,"column":13}},"30":{"start":{"line":68,"column":38},"end":{"line":68,"column":58}},"31":{"start":{"line":69,"column":28},"end":{"line":69,"column":111}},"32":{"start":{"line":70,"column":16},"end":{"line":70,"column":98}},"33":{"start":{"line":77,"column":12},"end":{"line":96,"column":13}},"34":{"start":{"line":78,"column":26},"end":{"line":78,"column":48}},"35":{"start":{"line":79,"column":16},"end":{"line":79,"column":32}},"36":{"start":{"line":80,"column":16},"end":{"line":80,"column":46}},"37":{"start":{"line":81,"column":16},"end":{"line":81,"column":40}},"38":{"start":{"line":82,"column":16},"end":{"line":82,"column":32}},"39":{"start":{"line":83,"column":16},"end":{"line":83,"column":46}},"40":{"start":{"line":84,"column":16},"end":{"line":84,"column":36}},"41":{"start":{"line":85,"column":16},"end":{"line":85,"column":36}},"42":{"start":{"line":86,"column":16},"end":{"line":86,"column":42}},"43":{"start":{"line":87,"column":16},"end":{"line":87,"column":56}},"44":{"start":{"line":88,"column":16},"end":{"line":88,"column":58}},"45":{"start":{"line":89,"column":16},"end":{"line":89,"column":56}},"46":{"start":{"line":90,"column":16},"end":{"line":90,"column":54}},"47":{"start":{"line":91,"column":16},"end":{"line":91,"column":54}},"48":{"start":{"line":92,"column":16},"end":{"line":92,"column":56}},"49":{"start":{"line":93,"column":16},"end":{"line":93,"column":70}},"50":{"start":{"line":94,"column":16},"end":{"line":94,"column":74}},"51":{"start":{"line":95,"column":16},"end":{"line":95,"column":60}},"52":{"start":{"line":98,"column":12},"end":{"line":98,"column":78}},"53":{"start":{"line":99,"column":12},"end":{"line":99,"column":95}},"54":{"start":{"line":100,"column":12},"end":{"line":100,"column":84}},"55":{"start":{"line":101,"column":12},"end":{"line":101,"column":75}},"56":{"start":{"line":102,"column":12},"end":{"line":102,"column":57}},"57":{"start":{"line":103,"column":12},"end":{"line":103,"column":47}},"58":{"start":{"line":104,"column":12},"end":{"line":104,"column":81}},"59":{"start":{"line":105,"column":12},"end":{"line":105,"column":49}},"60":{"start":{"line":106,"column":12},"end":{"line":106,"column":66}},"61":{"start":{"line":107,"column":12},"end":{"line":107,"column":67}},"62":{"start":{"line":108,"column":12},"end":{"line":108,"column":69}},"63":{"start":{"line":109,"column":12},"end":{"line":109,"column":67}},"64":{"start":{"line":110,"column":12},"end":{"line":110,"column":65}},"65":{"start":{"line":111,"column":12},"end":{"line":111,"column":85}},"66":{"start":{"line":112,"column":12},"end":{"line":112,"column":71}},"67":{"start":{"line":114,"column":12},"end":{"line":121,"column":13}},"68":{"start":{"line":115,"column":16},"end":{"line":115,"column":77}},"69":{"start":{"line":116,"column":16},"end":{"line":116,"column":162}},"70":{"start":{"line":117,"column":16},"end":{"line":119,"column":17}},"71":{"start":{"line":118,"column":20},"end":{"line":118,"column":76}},"72":{"start":{"line":120,"column":16},"end":{"line":120,"column":117}},"73":{"start":{"line":123,"column":12},"end":{"line":165,"column":25}},"74":{"start":{"line":124,"column":16},"end":{"line":124,"column":27}},"75":{"start":{"line":125,"column":16},"end":{"line":127,"column":17}},"76":{"start":{"line":126,"column":20},"end":{"line":126,"column":57}},"77":{"start":{"line":128,"column":16},"end":{"line":137,"column":17}},"78":{"start":{"line":129,"column":20},"end":{"line":131,"column":21}},"79":{"start":{"line":130,"column":24},"end":{"line":130,"column":83}},"80":{"start":{"line":132,"column":20},"end":{"line":136,"column":21}},"81":{"start":{"line":133,"column":24},"end":{"line":135,"column":26}},"82":{"start":{"line":134,"column":28},"end":{"line":134,"column":51}},"83":{"start":{"line":138,"column":16},"end":{"line":143,"column":17}},"84":{"start":{"line":139,"column":20},"end":{"line":142,"column":21}},"85":{"start":{"line":140,"column":24},"end":{"line":140,"column":43}},"86":{"start":{"line":141,"column":24},"end":{"line":141,"column":44}},"87":{"start":{"line":144,"column":16},"end":{"line":148,"column":17}},"88":{"start":{"line":145,"column":20},"end":{"line":147,"column":21}},"89":{"start":{"line":146,"column":24},"end":{"line":146,"column":43}},"90":{"start":{"line":149,"column":16},"end":{"line":149,"column":43}},"91":{"start":{"line":150,"column":16},"end":{"line":164,"column":17}},"92":{"start":{"line":151,"column":38},"end":{"line":151,"column":83}},"93":{"start":{"line":152,"column":20},"end":{"line":154,"column":21}},"94":{"start":{"line":153,"column":24},"end":{"line":153,"column":183}},"95":{"start":{"line":155,"column":20},"end":{"line":157,"column":21}},"96":{"start":{"line":156,"column":24},"end":{"line":156,"column":187}},"97":{"start":{"line":159,"column":20},"end":{"line":163,"column":21}},"98":{"start":{"line":160,"column":24},"end":{"line":160,"column":60}},"99":{"start":{"line":162,"column":24},"end":{"line":162,"column":44}},"100":{"start":{"line":167,"column":12},"end":{"line":186,"column":14}},"101":{"start":{"line":189,"column":12},"end":{"line":189,"column":62}},"102":{"start":{"line":195,"column":12},"end":{"line":197,"column":13}},"103":{"start":{"line":196,"column":16},"end":{"line":196,"column":50}},"104":{"start":{"line":198,"column":12},"end":{"line":198,"column":46}},"105":{"start":{"line":200,"column":12},"end":{"line":245,"column":13}},"106":{"start":{"line":201,"column":16},"end":{"line":201,"column":84}},"107":{"start":{"line":202,"column":33},"end":{"line":202,"column":132}},"108":{"start":{"line":203,"column":16},"end":{"line":203,"column":56}},"109":{"start":{"line":204,"column":16},"end":{"line":244,"column":17}},"110":{"start":{"line":206,"column":20},"end":{"line":206,"column":177}},"111":{"start":{"line":207,"column":34},"end":{"line":207,"column":148}},"112":{"start":{"line":208,"column":20},"end":{"line":208,"column":63}},"113":{"start":{"line":209,"column":20},"end":{"line":219,"column":21}},"114":{"start":{"line":210,"column":24},"end":{"line":210,"column":52}},"115":{"start":{"line":211,"column":24},"end":{"line":211,"column":136}},"116":{"start":{"line":212,"column":24},"end":{"line":212,"column":82}},"117":{"start":{"line":213,"column":24},"end":{"line":215,"column":25}},"118":{"start":{"line":214,"column":28},"end":{"line":214,"column":76}},"119":{"start":{"line":216,"column":24},"end":{"line":218,"column":25}},"120":{"start":{"line":217,"column":28},"end":{"line":217,"column":69}},"121":{"start":{"line":220,"column":20},"end":{"line":243,"column":21}},"122":{"start":{"line":221,"column":42},"end":{"line":221,"column":162}},"123":{"start":{"line":222,"column":24},"end":{"line":222,"column":74}},"124":{"start":{"line":223,"column":24},"end":{"line":223,"column":168}},"125":{"start":{"line":224,"column":24},"end":{"line":226,"column":25}},"126":{"start":{"line":225,"column":28},"end":{"line":225,"column":148}},"127":{"start":{"line":227,"column":24},"end":{"line":242,"column":25}},"128":{"start":{"line":228,"column":28},"end":{"line":228,"column":191}},"129":{"start":{"line":229,"column":28},"end":{"line":229,"column":156}},"130":{"start":{"line":230,"column":28},"end":{"line":230,"column":73}},"131":{"start":{"line":231,"column":28},"end":{"line":241,"column":29}},"132":{"start":{"line":232,"column":32},"end":{"line":232,"column":60}},"133":{"start":{"line":233,"column":32},"end":{"line":233,"column":144}},"134":{"start":{"line":234,"column":32},"end":{"line":234,"column":90}},"135":{"start":{"line":235,"column":32},"end":{"line":237,"column":33}},"136":{"start":{"line":236,"column":36},"end":{"line":236,"column":84}},"137":{"start":{"line":238,"column":32},"end":{"line":240,"column":33}},"138":{"start":{"line":239,"column":36},"end":{"line":239,"column":77}},"139":{"start":{"line":246,"column":12},"end":{"line":246,"column":27}},"140":{"start":{"line":249,"column":12},"end":{"line":249,"column":29}},"141":{"start":{"line":250,"column":12},"end":{"line":250,"column":24}},"142":{"start":{"line":252,"column":12},"end":{"line":267,"column":13}},"143":{"start":{"line":253,"column":16},"end":{"line":255,"column":17}},"144":{"start":{"line":254,"column":20},"end":{"line":254,"column":103}},"145":{"start":{"line":257,"column":16},"end":{"line":266,"column":30}},"146":{"start":{"line":258,"column":20},"end":{"line":265,"column":21}},"147":{"start":{"line":259,"column":39},"end":{"line":259,"column":82}},"148":{"start":{"line":260,"column":24},"end":{"line":262,"column":25}},"149":{"start":{"line":261,"column":28},"end":{"line":261,"column":163}},"150":{"start":{"line":264,"column":24},"end":{"line":264,"column":85}},"151":{"start":{"line":270,"column":12},"end":{"line":270,"column":48}},"152":{"start":{"line":273,"column":12},"end":{"line":275,"column":13}},"153":{"start":{"line":274,"column":16},"end":{"line":274,"column":60}},"154":{"start":{"line":276,"column":12},"end":{"line":276,"column":29}},"155":{"start":{"line":279,"column":12},"end":{"line":281,"column":13}},"156":{"start":{"line":280,"column":16},"end":{"line":280,"column":64}},"157":{"start":{"line":282,"column":12},"end":{"line":282,"column":29}},"158":{"start":{"line":285,"column":12},"end":{"line":287,"column":13}},"159":{"start":{"line":286,"column":16},"end":{"line":286,"column":76}},"160":{"start":{"line":288,"column":12},"end":{"line":288,"column":29}},"161":{"start":{"line":292,"column":12},"end":{"line":294,"column":13}},"162":{"start":{"line":293,"column":16},"end":{"line":293,"column":60}},"163":{"start":{"line":295,"column":12},"end":{"line":295,"column":29}},"164":{"start":{"line":298,"column":12},"end":{"line":298,"column":52}},"165":{"start":{"line":301,"column":12},"end":{"line":301,"column":29}},"166":{"start":{"line":302,"column":12},"end":{"line":302,"column":38}},"167":{"start":{"line":303,"column":12},"end":{"line":303,"column":32}},"16
[...]
umn":9}},"type":"if","locations":[{"start":{"line":67,"column":8},"end":{"line":73,"column":9}},{"start":{"line":67,"column":8},"end":{"line":73,"column":9}}],"line":67},"9":{"loc":{"start":{"line":79,"column":8},"end":{"line":86,"column":9}},"type":"if","locations":[{"start":{"line":79,"column":8},"end":{"line":86,"column":9}},{"start":{"line":79,"column":8},"end":{"line":86,"column":9}}],"line":79},"10":{"loc":{"start":{"line":81,"column":12},"end":{"line":85,"column":13}},"type":"if","locations":[{"start":{"line":81,"column":12},"end":{"line":85,"column":13}},{"start":{"line":81,"column":12},"end":{"line":85,"column":13}}],"line":81},"11":{"loc":{"start":{"line":93,"column":8},"end":{"line":112,"column":9}},"type":"if","locations":[{"start":{"line":93,"column":8},"end":{"line":112,"column":9}},{"start":{"line":93,"column":8},"end":{"line":112,"column":9}}],"line":93},"12":{"loc":{"start":{"line":107,"column":20},"end":{"line":109,"column":59}},"type":"cond-expr","locations":[{"start":{"line":108,"column":24},"end":{"line":108,"column":40}},{"start":{"line":109,"column":24},"end":{"line":109,"column":59}}],"line":107},"13":{"loc":{"start":{"line":115,"column":8},"end":{"line":117,"column":9}},"type":"if","locations":[{"start":{"line":115,"column":8},"end":{"line":117,"column":9}},{"start":{"line":115,"column":8},"end":{"line":117,"column":9}}],"line":115},"14":{"loc":{"start":{"line":118,"column":8},"end":{"line":120,"column":9}},"type":"if","locations":[{"start":{"line":118,"column":8},"end":{"line":120,"column":9}},{"start":{"line":118,"column":8},"end":{"line":120,"column":9}}],"line":118},"15":{"loc":{"start":{"line":129,"column":8},"end":{"line":133,"column":9}},"type":"if","locations":[{"start":{"line":129,"column":8},"end":{"line":133,"column":9}},{"start":{"line":129,"column":8},"end":{"line":133,"column":9}}],"line":129},"16":{"loc":{"start":{"line":147,"column":24},"end":{"line":147,"column":34}},"type":"default-arg","locations":[{"start":{"line":147,"column":32},"end":{"line":147,"column":34}}],"line":147},"17":{"loc":{"start":{"line":147,"column":36},"end":{"line":147,"column":47}},"type":"default-arg","locations":[{"start":{"line":147,"column":45},"end":{"line":147,"column":47}}],"line":147},"18":{"loc":{"start":{"line":148,"column":4},"end":{"line":373,"column":5}},"type":"switch","locations":[{"start":{"line":149,"column":4},"end":{"line":153,"column":21}},{"start":{"line":154,"column":4},"end":{"line":158,"column":21}},{"start":{"line":159,"column":4},"end":{"line":169,"column":10}},{"start":{"line":170,"column":4},"end":{"line":171,"column":108}},{"start":{"line":172,"column":4},"end":{"line":178,"column":60}},{"start":{"line":179,"column":4},"end":{"line":217,"column":21}},{"start":{"line":218,"column":4},"end":{"line":243,"column":22}},{"start":{"line":244,"column":4},"end":{"line":257,"column":21}},{"start":{"line":258,"column":4},"end":{"line":259,"column":108}},{"start":{"line":260,"column":4},"end":{"line":299,"column":80}},{"start":{"line":300,"column":4},"end":{"line":309,"column":135}},{"start":{"line":310,"column":4},"end":{"line":324,"column":63}},{"start":{"line":325,"column":4},"end":{"line":326,"column":108}},{"start":{"line":327,"column":4},"end":{"line":334,"column":21}},{"start":{"line":335,"column":4},"end":{"line":361,"column":25}},{"start":{"line":362,"column":4},"end":{"line":366,"column":21}},{"start":{"line":367,"column":4},"end":{"line":368,"column":108}},{"start":{"line":369,"column":4},"end":{"line":370,"column":60}},{"start":{"line":371,"column":4},"end":{"line":372,"column":21}}],"line":148},"19":{"loc":{"start":{"line":150,"column":8},"end":{"line":152,"column":9}},"type":"if","locations":[{"start":{"line":150,"column":8},"end":{"line":152,"column":9}},{"start":{"line":150,"column":8},"end":{"line":152,"column":9}}],"line":150},"20":{"loc":{"start":{"line":155,"column":8},"end":{"line":157,"column":9}},"type":"if","locations":[{"start":{"line":155,"column":8},"end":{"line":157,"column":9}},{"start":{"line":155,"column":8},"end":{"line":157,"column":9}}],"line":155},"21":{"loc":{"start":{"line":155,"column":12},"end":{"line":155,"column":84}},"type":"binary-expr","locations":[{"start":{"line":155,"column":12},"end":{"line":155,"column":42}},{"start":{"line":155,"column":46},"end":{"line":155,"column":84}}],"line":155},"22":{"loc":{"start":{"line":180,"column":8},"end":{"line":199,"column":9}},"type":"if","locations":[{"start":{"line":180,"column":8},"end":{"line":199,"column":9}},{"start":{"line":180,"column":8},"end":{"line":199,"column":9}}],"line":180},"23":{"loc":{"start":{"line":180,"column":12},"end":{"line":180,"column":72}},"type":"binary-expr","locations":[{"start":{"line":180,"column":12},"end":{"line":180,"column":41}},{"start":{"line":180,"column":45},"end":{"line":180,"column":72}}],"line":180},"24":{"loc":{"start":{"line":201,"column":8},"end":{"line":215,"column":9}},"type":"if","locations":[{"start":{"line":201,"column":8},"end":{"line":215,"column":9}},{"start":{"line":201,"column":8},"end":{"line":215,"column":9}}],"line":201},"25":{"loc":{"start":{"line":201,"column":11},"end":{"line":201,"column":170}},"type":"binary-expr","locations":[{"start":{"line":201,"column":11},"end":{"line":201,"column":88}},{"start":{"line":201,"column":92},"end":{"line":201,"column":170}}],"line":201},"26":{"loc":{"start":{"line":245,"column":8},"end":{"line":256,"column":9}},"type":"if","locations":[{"start":{"line":245,"column":8},"end":{"line":256,"column":9}},{"start":{"line":245,"column":8},"end":{"line":256,"column":9}}],"line":245},"27":{"loc":{"start":{"line":249,"column":12},"end":{"line":255,"column":13}},"type":"if","locations":[{"start":{"line":249,"column":12},"end":{"line":255,"column":13}},{"start":{"line":249,"column":12},"end":{"line":255,"column":13}}],"line":249},"28":{"loc":{"start":{"line":303,"column":16},"end":{"line":305,"column":17}},"type":"if","locations":[{"start":{"line":303,"column":16},"end":{"line":305,"column":17}},{"start":{"line":303,"column":16},"end":{"line":305,"column":17}}],"line":303},"29":{"loc":{"start":{"line":303,"column":20},"end":{"line":303,"column":93}},"type":"binary-expr","locations":[{"start":{"line":303,"column":20},"end":{"line":303,"column":41}},{"start":{"line":303,"column":45},"end":{"line":303,"column":93}}],"line":303},"30":{"loc":{"start":{"line":312,"column":8},"end":{"line":314,"column":9}},"type":"if","locations":[{"start":{"line":312,"column":8},"end":{"line":314,"column":9}},{"start":{"line":312,"column":8},"end":{"line":314,"column":9}}],"line":312},"31":{"loc":{"start":{"line":328,"column":8},"end":{"line":333,"column":9}},"type":"if","locations":[{"start":{"line":328,"column":8},"end":{"line":333,"column":9}},{"start":{"line":328,"column":8},"end":{"line":333,"column":9}}],"line":328},"32":{"loc":{"start":{"line":328,"column":12},"end":{"line":328,"column":133}},"type":"binary-expr","locations":[{"start":{"line":328,"column":12},"end":{"line":328,"column":26}},{"start":{"line":328,"column":30},"end":{"line":328,"column":49}},{"start":{"line":328,"column":53},"end":{"line":328,"column":99}},{"start":{"line":328,"column":103},"end":{"line":328,"column":133}}],"line":328},"33":{"loc":{"start":{"line":329,"column":12},"end":{"line":332,"column":13}},"type":"if","locations":[{"start":{"line":329,"column":12},"end":{"line":332,"column":13}},{"start":{"line":329,"column":12},"end":{"line":332,"column":13}}],"line":329},"34":{"loc":{"start":{"line":336,"column":8},"end":{"line":338,"column":9}},"type":"if","locations":[{"start":{"line":336,"column":8},"end":{"line":338,"column":9}},{"start":{"line":336,"column":8},"end":{"line":338,"column":9}}],"line":336},"35":{"loc":{"start":{"line":336,"column":11},"end":{"line":336,"column":64}},"type":"binary-expr","locations":[{"start":{"line":336,"column":11},"end":{"line":336,"column":31}},{"start":{"line":336,"column":35},"end":{"line":336,"column":64}}],"line":336},"36":{"loc":{"start":{"line":340,"column":8},"end":{"line":351,"column":9}},"type":"if","locations":[{"start":{"line":340,"column":8},"end":{"line":351,"column":9}},{"start":{"line":340,"column":8},"end":{"line":351,"column":9}}],"line":340},"37":{"loc":{"start":{"line":340,"column":12},"end":{"line":340,"column":96}},"type":"binary-expr","locations":[{"start":{"line":340,"column":12},"end":{"line":340,"column":58}},{"start":{"line":340,"column":62},"end":{"line":340,"column":96}}],"line":340},"38":{"loc":{"start":{"line":341,"column":12},"end":{"line":350,"column":13}},"type":"if","locations":[{"start":{"line":341,"column":12},"end":{"line":350,"column":13}},{"start":{"line":341,"column":12},"end":{"line":350,"column":13}}],"line":341},"39":{"loc":{"start":{"line":341,"column":16},"end":{"line":341,"column":133}},"type":"binary-expr","locations":[{"start":{"line":341,"column":16},"end":{"line":341,"column":55}},{"start":{"line":341,"column":59},"end":{"line":341,"column":133}}],"line":341},"40":{"loc":{"start":{"line":343,"column":16},"end":{"line":349,"column":17}},"type":"if","locations":[{"start":{"line":343,"column":16},"end":{"line":349,"column":17}},{"start":{"line":343,"column":16},"end":{"line":349,"column":17}}],"line":343},"41":{"loc":{"start":{"line":345,"column":20},"end":{"line":347,"column":21}},"type":"if","locations":[{"start":{"line":345,"column":20},"end":{"line":347,"column":21}},{"start":{"line":345,"column":20},"end":{"line":347,"column":21}}],"line":345},"42":{"loc":{"start":{"line":352,"column":8},"end":{"line":360,"column":9}},"type":"if","locations":[{"start":{"line":352,"column":8},"end":{"line":360,"column":9}},{"start":{"line":352,"column":8},"end":{"line":360,"column":9}}],"line":352},"43":{"loc":{"start":{"line":352,"column":12},"end":{"line":352,"column":96}},"type":"binary-expr","locations":[{"start":{"line":352,"column":12},"end":{"line":352,"column":58}},{"start":{"line":352,"column":62},"end":{"line":352,"column":96}}],"line":352},"44":{"loc":{"start":{"line":353,"column":12},"end":{"line":359,"column":13}},"type":"if","locations":[{"start":{"line":353,"column":12},"end":{"line":359,"column":13}},{"start":{"line":353,"column":12},"end":{"line":359,"column":13}}],"line":353},"45":{"loc":{"start":{"line":354,"column":16},"end":{"line":358,"column":17}},"type":"if","locations":[{"start":{"line":354,"column":16},"end":{"line":358,"column":17}},{"start":{"line":354,"column":16},"end":{"line":358,"column":17}}],"line":354},"46":{"loc":{"start":{"line":355,"column":98},"end":{"line":355,"column":143}},"type":"binary-expr","locations":[{"start":{"line":355,"column":98},"end":{"line":355,"column":120}},{"start":{"line":355,"column":124},"end":{"line":355,"column":143}}],"line":355},"47":{"loc":{"start":{"line":357,"column":100},"end":{"line":357,"column":145}},"type":"binary-expr","locations":[{"start":{"line":357,"column":100},"end":{"line":357,"column":122}},{"start":{"line":357,"column":126},"end":{"line":357,"column":145}}],"line":357},"48":{"loc":{"start":{"line":363,"column":8},"end":{"line":365,"column":9}},"type":"if","locations":[{"start":{"line":363,"column":8},"end":{"line":365,"column":9}},{"start":{"line":363,"column":8},"end":{"line":365,"column":9}}],"line":363},"49":{"loc":{"start":{"line":363,"column":11},"end":{"line":363,"column":79}},"type":"binary-expr","locations":[{"start":{"line":363,"column":11},"end":{"line":363,"column":48}},{"start":{"line":363,"column":52},"end":{"line":363,"column":79}}],"line":363},"50":{"loc":{"start":{"line":370,"column":15},"end":{"line":370,"column":59}},"type":"binary-expr","locations":[{"start":{"line":370,"column":15},"end":{"line":370,"column":50}},{"start":{"line":370,"column":54},"end":{"line":370,"column":59}}],"line":370}},"s":{"0":0,"1":0,"2":0,"3":0,"4":0,"5":0,"6":0,"7":0,"8":0,"9":0,"10":0,"11":0,"12":0,"13":0,"14":0,"15":0,"16":0,"17":0,"18":0,"19":0,"20":0,"21":0,"22":0,"23":0,"24":0,"25":0,"26":0,"27":0,"28":0,"29":0,"30":0,"31":0,"32":0,"33":0,"34":0,"35":0,"36":0,"37":0,"38":0,"39":0,"40":0,"41":0,"42":0,"43":0,"44":0,"45":0,"46":0,"47":0,"48":0,"49":0,"50":0,"51":0,"52":0,"53":0,"54":0,"55":0,"56":0,"57":0,"58":0,"59":0,"60":0,"61":0,"62":0,"63":0,"64":0,"65":0,"66":0,"67":0,"68":0,"69":0,"70":0,"71":0,"72":0,"73":0,"74":0,"75":0,"76":0,"77":0,"78":0,"79":0,"80":0,"81":0,"82":0,"83":0,"84":0,"85":0,"86":0,"87":0,"88":0,"89":0,"90":0,"91":0,"92":0,"93":0,"94":0,"95":0,"96":0,"97":0,"98":0,"99":0,"100":0,"101":0,"102":0,"103":0,"104":0,"105":0,"106":0,"107":0,"108":0,"109":0,"110":0,"111":0,"112":0,"113":0,"114":0,"115":0,"116":0,"117":0,"118":0,"119":0,"120":0,"121":0,"122":0},"f":{"0":0,"1":0,"2":0,"3":0,"4":0,"5":0,"6":0,"7":0,"8":0},"b":{"0":[0],"1":[0],"2":[0,0],"3":[0],"4":[0],"5":[0,0,0,0,0,0,0,0,0,0,0,0,0,0,0],"6":[0,0],"7":[0,0],"8":[0,0],"9":[0,0],"10":[0,0],"11":[0,0],"12":[0,0],"13":[0,0],"14":[0,0],"15":[0,0],"16":[0],"17":[0],"18":[0,0,0,0,0,0,0,0,0,0,0,0,0,0,0,0,0,0,0],"19":[0,0],"20":[0,0],"21":[0,0],"22":[0,0],"23":[0,0],"24":[0,0],"25":[0,0],"26":[0,0],"27":[0,0],"28":[0,0],"29":[0,0],"30":[0,0],"31":[0,0],"32":[0,0,0,0],"33":[0,0],"34":[0,0],"35":[0,0],"36":[0,0],"37":[0,0],"38":[0,0],"39":[0,0],"40":[0,0],"41":[0,0],"42":[0,0],"43":[0,0],"44":[0,0],"45":[0,0],"46":[0,0],"47":[0,0],"48":[0,0],"49":[0,0],"50":[0,0]},"_coverageSchema":"332fd63041d2c1bcb487cc26dd0d5f7d97098a6c","hash":"e844482faeff2569615905645a3783c5306027d8"}
,"/Users/lou/ediphy/reducers/nav_items_ids.es6": {"path":"/Users/lou/ediphy/reducers/nav_items_ids.es6","statementMap":{"0":{"start":{"line":4,"column":4},"end":{"line":17,"column":5}},"1":{"start":{"line":6,"column":19},"end":{"line":6,"column":32}},"2":{"start":{"line":7,"column":8},"end":{"line":7,"column":67}},"3":{"start":{"line":8,"column":8},"end":{"line":8,"column":20}},"4":{"start":{"line":10,"column":8},"end":{"line":10,"column":73}},"5":{"start":{"line":10,"column":34},"end":{"line":10,"column":71}},"6":{"start":{"line":12,"column":8},"end":{"line":12,"column":41}},"7":{"start":{"line":14,"column":8},"end":{"line":14,"column":59}},"8":{"start":{"line":16,"column":8},"end":{"line":16,"column":21}}},"fnMap":{"0":{"name":"(anonymous_0)","decl":{"start":{"line":3,"column":15},"end":{"line":3,"column":16}},"loc":{"start":{"line":3,"column":49},"end":{"line":18,"column":1}},"line":3},"1":{"name":"(anonymous_1)","decl":{"start":{"line":10,"column":28},"end":{"line":10,"column":29}},"loc":{"start":{"line":10,"column":34},"end":{"line":10,"column":71}},"line":10}},"branchMap":{"0":{"loc":{"start":{"line":3,"column":24},"end":{"line":3,"column":34}},"type":"default-arg","locations":[{"start":{"line":3,"column":32},"end":{"line":3,"column":34}}],"line":3},"1":{"loc":{"start":{"line":3,"column":36},"end":{"line":3,"column":47}},"type":"default-arg","locations":[{"start":{"line":3,"column":45},"end":{"line":3,"column":47}}],"line":3},"2":{"loc":{"start":{"line":4,"column":4},"end":{"line":17,"column":5}},"type":"switch","locations":[{"start":{"line":5,"column":4},"end":{"line":8,"column":20}},{"start":{"line":9,"column":4},"end":{"line":10,"column":73}},{"start":{"line":11,"column":4},"end":{"line":12,"column":41}},{"start":{"line":13,"column":4},"end":{"line":14,"column":59}},{"start":{"line":15,"column":4},"end":{"line":16,"column":21}}],"line":4},"3":{"loc":{"start":{"line":14,"column":15},"end":{"line":14,"column":58}},"type":"binary-expr","locations":[{"start":{"line":14,"column":15},"end":{"line":14,"column":49}},{"start":{"line":14,"column":53},"end":{"line":14,"column":58}}],"line":14}},"s":{"0":0,"1":0,"2":0,"3":0,"4":0,"5":0,"6":0,"7":0,"8":0},"f":{"0":0,"1":0},"b":{"0":[0],"1":[0],"2":[0,0,0,0,0],"3":[0,0]},"_coverageSchema":"332fd63041d2c1bcb487cc26dd0d5f7d97098a6c","hash":"acb59ad8c68e713d8d8256b72a23ef668aa7d8fb"}
,"/Users/lou/ediphy/reducers/__tests__/test_helper.js": {"path":"/Users/lou/ediphy/reducers/__tests__/test_helper.js","statementMap":{"0":{"start":{"line":4,"column":4},"end":{"line":42,"column":6}},"1":{"start":{"line":7,"column":12},"end":{"line":7,"column":53}},"2":{"start":{"line":10,"column":12},"end":{"line":10,"column":38}},"3":{"start":{"line":13,"column":12},"end":{"line":13,"column":31}},"4":{"start":{"line":16,"column":12},"end":{"line":18,"column":13}},"5":{"start":{"line":17,"column":16},"end":{"line":17,"column":42}},"6":{"start":{"line":19,"column":12},"end":{"line":19,"column":68}},"7":{"start":{"line":22,"column":12},"end":{"line":24,"column":13}},"8":{"start":{"line":23,"column":16},"end":{"line":23,"column":51}},"9":{"start":{"line":25,"column":12},"end":{"line":25,"column":77}},"10":{"start":{"line":28,"column":12},"end":{"line":30,"column":13}},"11":{"start":{"line":29,"column":16},"end":{"line":29,"column":57}},"12":{"start":{"line":31,"column":12},"end":{"line":31,"column":83}},"13":{"start":{"line":34,"column":12},"end":{"line":36,"column":13}},"14":{"start":{"line":35,"column":16},"end":{"line":35,"column":53}},"15":{"start":{"line":37,"column":12},"end":{"line":37,"column":79}},"16":{"start":{"line":40,"column":12},"end":{"line":40,"column":69}}},"fnMap":{"0":{"name":"(anonymous_0)","decl":{"start":{"line":3,"column":15},"end":{"line":3,"column":16}},"loc":{"start":{"line":3,"column":47},"end":{"line":43,"column":1}},"line":3},"1":{"name":"(anonymous_1)","decl":{"start":{"line":6,"column":14},"end":{"line":6,"column":15}},"loc":{"start":{"line":6,"column":31},"end":{"line":8,"column":9}},"line":6},"2":{"name":"(anonymous_2)","decl":{"start":{"line":9,"column":15},"end":{"line":9,"column":16}},"loc":{"start":{"line":9,"column":26},"end":{"line":11,"column":9}},"line":9},"3":{"name":"(anonymous_3)","decl":{"start":{"line":12,"column":13},"end":{"line":12,"column":14}},"loc":{"start":{"line":12,"column":29},"end":{"line":14,"column":9}},"line":12},"4":{"name":"(anonymous_4)","decl":{"start":{"line":15,"column":16},"end":{"line":15,"column":17}},"loc":{"start":{"line":15,"column":29},"end":{"line":20,"column":9}},"line":15},"5":{"name":"(anonymous_5)","decl":{"start":{"line":21,"column":24},"end":{"line":21,"column":25}},"loc":{"start":{"line":21,"column":37},"end":{"line":26,"column":9}},"line":21},"6":{"name":"(anonymous_6)","decl":{"start":{"line":27,"column":30},"end":{"line":27,"column":31}},"loc":{"start":{"line":27,"column":43},"end":{"line":32,"column":9}},"line":27},"7":{"name":"(anonymous_7)","decl":{"start":{"line":33,"column":26},"end":{"line":33,"column":27}},"loc":{"start":{"line":33,"column":39},"end":{"line":38,"column":9}},"line":33},"8":{"name":"(anonymous_8)","decl":{"start":{"line":39,"column":22},"end":{"line":39,"column":23}},"loc":{"start":{"line":39,"column":41},"end":{"line":41,"column":9}},"line":39}},"branchMap":{"0":{"loc":{"start":{"line":16,"column":12},"end":{"line":18,"column":13}},"type":"if","locations":[{"start":{"line":16,"column":12},"end":{"line":18,"column":13}},{"start":{"line":16,"column":12},"end":{"line":18,"column":13}}],"line":16},"1":{"loc":{"start":{"line":22,"column":12},"end":{"line":24,"column":13}},"type":"if","locations":[{"start":{"line":22,"column":12},"end":{"line":24,"column":13}},{"start":{"line":22,"column":12},"end":{"line":24,"column":13}}],"line":22},"2":{"loc":{"start":{"line":28,"column":12},"end":{"line":30,"column":13}},"type":"if","locations":[{"start":{"line":28,"column":12},"end":{"line":30,"column":13}},{"start":{"line":28,"column":12},"end":{"line":30,"column":13}}],"line":28},"3":{"loc":{"start":{"line":34,"column":12},"end":{"line":36,"column":13}},"type":"if","locations":[{"start":{"line":34,"column":12},"end":{"line":36,"column":13}},{"start":{"line":34,"column":12},"end":{"line":36,"column":13}}],"line":34}},"s":{"0":11,"1":60,"2":11,"3":4,"4":21,"5":1,"6":20,"7":14,"8":0,"9":14,"10":0,"11":0,"12":0,"13":12,"14":0,"15":12,"16":47},"f":{"0":11,"1":60,"2":11,"3":4,"4":21,"5":14,"6":0,"7":12,"8":47},"b":{"0":[1,20],"1":[0,14],"2":[0,0],"3":[0,12]},"_coverageSchema":"332fd63041d2c1bcb487cc26dd0d5f7d97098a6c","hash":"27a7c771dd0a1e5cbf9e8de762767e621fa4e6ec"}
}
