TN:
SF:/Users/lou/ediphy/shim.js
FN:2,(anonymous_0)
FNF:1
FNH:0
FNDA:0,(anonymous_0)
DA:2,12
LF:1
LH:1
BRF:0
BRH:0
end_of_record
TN:
SF:/Users/lou/ediphy/_editor/components/autosave/AutoSave.jsx
FN:14,(anonymous_0)
FN:30,(anonymous_1)
FN:42,(anonymous_2)
FN:52,(anonymous_3)
FN:55,(anonymous_4)
FN:84,(anonymous_5)
FN:94,(anonymous_6)
FNF:7
FNH:0
FNDA:0,(anonymous_0)
FNDA:0,(anonymous_1)
FNDA:0,(anonymous_2)
FNDA:0,(anonymous_3)
FNDA:0,(anonymous_4)
FNDA:0,(anonymous_5)
FNDA:0,(anonymous_6)
DA:5,1
DA:15,0
DA:20,0
DA:35,0
DA:44,0
DA:53,0
DA:54,0
DA:55,0
DA:56,0
DA:60,0
DA:61,0
DA:74,0
DA:76,0
DA:85,0
DA:86,0
DA:95,0
DA:103,1
LF:17
LH:2
BRDA:53,0,0,0
BRDA:53,0,1,0
BRDA:60,1,0,0
BRDA:60,1,1,0
BRDA:61,2,0,0
BRDA:61,2,1,0
BRDA:61,2,2,0
BRDA:61,2,3,0
BRDA:61,2,4,0
BRDA:61,2,5,0
BRDA:61,2,6,0
BRDA:61,2,7,0
BRDA:61,2,8,0
BRDA:61,2,9,0
BRDA:61,2,10,0
BRDA:61,2,11,0
BRDA:61,2,12,0
BRDA:85,3,0,0
BRDA:85,3,1,0
BRDA:85,4,0,0
BRDA:85,4,1,0
BRDA:97,5,0,0
BRDA:97,5,1,0
BRF:23
BRH:0
end_of_record
TN:
SF:/Users/lou/ediphy/common/actions.es6
FN:61,selectIndex
FN:65,selectNavItem
FN:69,addContainedView
FN:73,deleteContainedView
FN:77,addNavItem
FN:81,expandNavItem
FN:85,deleteNavItem
FN:89,reorderNavItem
FN:93,toggleNavItem
FN:97,updateNavItemExtraFiles
FN:101,changeNavItemName
FN:105,changeContainedViewName
FN:109,changeUnitNumber
FN:113,addBox
FN:117,selectBox
FN:121,moveBox
FN:126,duplicateBox
FN:130,resizeBox
FN:134,updateBox
FN:138,deleteBox
FN:142,reorderSortableContainer
FN:146,dropBox
FN:150,verticallyAlignBox
FN:154,increaseBoxLevel
FN:158,resizeSortableContainer
FN:162,deleteSortableContainer
FN:166,changeSortableProps
FN:169,changeCols
FN:173,changeRows
FN:177,reorderBoxes
FN:181,addRichMark
FN:185,editRichMark
FN:189,deleteRichMark
FN:193,selectContainedView
FN:197,toggleTextEditor
FN:201,toggleTitleMode
FN:205,changeDisplayMode
FN:209,setBusy
FN:213,changeGlobalConfig
FN:217,importState
FN:221,updateToolbar
FN:225,fetchVishResourcesSuccess
FN:229,uploadImage
FN:234,exportStateAsync
FN:235,(anonymous_44)
FN:255,(anonymous_45)
FN:261,(anonymous_46)
FN:264,(anonymous_47)
FN:283,(anonymous_48)
FN:289,(anonymous_49)
FN:299,(anonymous_50)
FN:306,importStateAsync
FN:307,(anonymous_52)
FN:311,(anonymous_53)
FN:317,(anonymous_54)
FN:322,(anonymous_55)
FN:325,(anonymous_56)
FN:331,fetchVishResourcesAsync
FN:332,(anonymous_58)
FN:336,(anonymous_59)
FN:342,(anonymous_60)
FN:346,(anonymous_61)
FN:349,(anonymous_62)
FN:355,uploadVishResourceAsync
FN:356,(anonymous_64)
FN:376,(anonymous_65)
FN:381,(anonymous_66)
FN:385,(anonymous_67)
FN:389,(anonymous_68)
FNF:69
FNH:0
FNDA:0,selectIndex
FNDA:0,selectNavItem
FNDA:0,addContainedView
FNDA:0,deleteContainedView
FNDA:0,addNavItem
FNDA:0,expandNavItem
FNDA:0,deleteNavItem
FNDA:0,reorderNavItem
FNDA:0,toggleNavItem
FNDA:0,updateNavItemExtraFiles
FNDA:0,changeNavItemName
FNDA:0,changeContainedViewName
FNDA:0,changeUnitNumber
FNDA:0,addBox
FNDA:0,selectBox
FNDA:0,moveBox
FNDA:0,duplicateBox
FNDA:0,resizeBox
FNDA:0,updateBox
FNDA:0,deleteBox
FNDA:0,reorderSortableContainer
FNDA:0,dropBox
FNDA:0,verticallyAlignBox
FNDA:0,increaseBoxLevel
FNDA:0,resizeSortableContainer
FNDA:0,deleteSortableContainer
FNDA:0,changeSortableProps
FNDA:0,changeCols
FNDA:0,changeRows
FNDA:0,reorderBoxes
FNDA:0,addRichMark
FNDA:0,editRichMark
FNDA:0,deleteRichMark
FNDA:0,selectContainedView
FNDA:0,toggleTextEditor
FNDA:0,toggleTitleMode
FNDA:0,changeDisplayMode
FNDA:0,setBusy
FNDA:0,changeGlobalConfig
FNDA:0,importState
FNDA:0,updateToolbar
FNDA:0,fetchVishResourcesSuccess
FNDA:0,uploadImage
FNDA:0,exportStateAsync
FNDA:0,(anonymous_44)
FNDA:0,(anonymous_45)
FNDA:0,(anonymous_46)
FNDA:0,(anonymous_47)
FNDA:0,(anonymous_48)
FNDA:0,(anonymous_49)
FNDA:0,(anonymous_50)
FNDA:0,importStateAsync
FNDA:0,(anonymous_52)
FNDA:0,(anonymous_53)
FNDA:0,(anonymous_54)
FNDA:0,(anonymous_55)
FNDA:0,(anonymous_56)
FNDA:0,fetchVishResourcesAsync
FNDA:0,(anonymous_58)
FNDA:0,(anonymous_59)
FNDA:0,(anonymous_60)
FNDA:0,(anonymous_61)
FNDA:0,(anonymous_62)
FNDA:0,uploadVishResourceAsync
FNDA:0,(anonymous_64)
FNDA:0,(anonymous_65)
FNDA:0,(anonymous_66)
FNDA:0,(anonymous_67)
FNDA:0,(anonymous_68)
DA:5,12
DA:6,12
DA:7,12
DA:8,12
DA:9,12
DA:10,12
DA:11,12
DA:12,12
DA:13,12
DA:14,12
DA:16,12
DA:18,12
DA:19,12
DA:20,12
DA:21,12
DA:22,12
DA:23,12
DA:25,12
DA:26,12
DA:27,12
DA:28,12
DA:29,12
DA:30,12
DA:31,12
DA:32,12
DA:33,12
DA:34,12
DA:36,12
DA:37,12
DA:38,12
DA:39,12
DA:40,12
DA:42,12
DA:43,12
DA:45,12
DA:47,12
DA:48,12
DA:50,12
DA:51,12
DA:52,12
DA:53,12
DA:55,12
DA:58,12
DA:59,12
DA:62,0
DA:66,0
DA:70,0
DA:74,0
DA:78,0
DA:82,0
DA:86,0
DA:90,0
DA:94,0
DA:98,0
DA:102,0
DA:106,0
DA:110,0
DA:114,0
DA:118,0
DA:122,0
DA:127,0
DA:131,0
DA:135,0
DA:139,0
DA:143,0
DA:147,0
DA:151,0
DA:155,0
DA:159,0
DA:163,0
DA:167,0
DA:170,0
DA:174,0
DA:178,0
DA:182,0
DA:186,0
DA:190,0
DA:194,0
DA:198,0
DA:202,0
DA:206,0
DA:210,0
DA:214,0
DA:218,0
DA:222,0
DA:226,0
DA:230,0
DA:235,0
DA:239,0
DA:246,0
DA:247,0
DA:256,0
DA:257,0
DA:259,0
DA:262,0
DA:265,0
DA:269,0
DA:274,0
DA:284,0
DA:285,0
DA:287,0
DA:290,0
DA:292,0
DA:293,0
DA:294,0
DA:295,0
DA:297,0
DA:300,0
DA:307,0
DA:308,0
DA:310,0
DA:312,0
DA:313,0
DA:315,0
DA:318,0
DA:319,0
DA:320,0
DA:323,0
DA:326,0
DA:332,0
DA:333,0
DA:335,0
DA:337,0
DA:338,0
DA:340,0
DA:343,0
DA:344,0
DA:347,0
DA:350,0
DA:356,0
DA:358,0
DA:359,0
DA:360,0
DA:361,0
DA:363,0
DA:364,0
DA:365,0
DA:366,0
DA:367,0
DA:368,0
DA:370,0
DA:372,0
DA:377,0
DA:378,0
DA:381,0
DA:382,0
DA:386,0
DA:387,0
DA:390,0
DA:391,0
DA:395,0
DA:398,0
DA:402,0
DA:403,0
DA:405,0
LF:155
LH:44
BRDA:246,0,0,0
BRDA:246,0,1,0
BRDA:246,1,0,0
BRDA:246,1,1,0
BRDA:256,2,0,0
BRDA:256,2,1,0
BRDA:284,3,0,0
BRDA:284,3,1,0
BRDA:292,4,0,0
BRDA:292,4,1,0
BRDA:312,5,0,0
BRDA:312,5,1,0
BRDA:337,6,0,0
BRDA:337,6,1,0
BRDA:358,7,0,0
BRDA:358,7,1,0
BRDA:358,8,0,0
BRDA:358,8,1,0
BRDA:359,9,0,0
BRDA:359,9,1,0
BRDA:360,10,0,0
BRDA:360,10,1,0
BRDA:366,11,0,0
BRDA:366,11,1,0
BRDA:377,12,0,0
BRDA:377,12,1,0
BRF:26
BRH:0
end_of_record
TN:
SF:/Users/lou/ediphy/common/constants.es6
FNF:0
FNH:0
DA:1,12
DA:2,12
DA:3,12
DA:4,12
DA:5,12
DA:6,12
DA:7,12
DA:8,12
DA:9,12
DA:10,12
LF:10
LH:10
BRF:0
BRH:0
end_of_record
TN:
SF:/Users/lou/ediphy/common/utils.es6
FN:6,(anonymous_0)
FN:11,isView
FN:15,isPage
FN:19,isSlide
FN:23,isDocument
FN:27,isSection
FN:31,isCanvasElement
FN:35,isBox
FN:39,isSortableBox
FN:43,isContainedView
FN:47,isSortableContainer
FN:51,changeProps
FN:64,changeProp
FN:83,deleteProps
FN:95,deleteProp
FN:109,findDescendantNavItems
FN:111,(anonymous_16)
FN:117,findNavItemContainingBox
FN:119,(anonymous_18)
FN:127,calculateNewIdOrder
FN:129,(anonymous_20)
FN:157,isAncestorOrSibling
FN:191,nextAvailName
FN:213,nextToolbarAvailName
FN:243,collectionHas
FN:257,findParentBySelector
FN:276,(anonymous_26)
FN:298,(anonymous_27)
FNF:28
FNH:3
FNDA:0,(anonymous_0)
FNDA:0,isView
FNDA:0,isPage
FNDA:0,isSlide
FNDA:0,isDocument
FNDA:0,isSection
FNDA:0,isCanvasElement
FNDA:1,isBox
FNDA:10,isSortableBox
FNDA:9,isContainedView
FNDA:0,isSortableContainer
FNDA:0,changeProps
FNDA:0,changeProp
FNDA:0,deleteProps
FNDA:0,deleteProp
FNDA:0,findDescendantNavItems
FNDA:0,(anonymous_16)
FNDA:0,findNavItemContainingBox
FNDA:0,(anonymous_18)
FNDA:0,calculateNewIdOrder
FNDA:0,(anonymous_20)
FNDA:0,isAncestorOrSibling
FNDA:0,nextAvailName
FNDA:0,nextToolbarAvailName
FNDA:0,collectionHas
FNDA:0,findParentBySelector
FNDA:0,(anonymous_26)
FNDA:0,(anonymous_27)
DA:7,0
DA:12,0
DA:16,0
DA:20,0
DA:24,0
DA:28,0
DA:32,0
DA:36,1
DA:40,10
DA:44,9
DA:48,0
DA:52,0
DA:53,0
DA:54,0
DA:55,0
DA:57,0
DA:60,0
DA:61,0
DA:77,0
DA:84,0
DA:85,0
DA:86,0
DA:87,0
DA:89,0
DA:91,0
DA:92,0
DA:105,0
DA:106,0
DA:110,0
DA:111,0
DA:112,0
DA:114,0
DA:119,0
DA:120,0
DA:121,0
DA:124,0
DA:128,0
DA:129,0
DA:132,0
DA:134,0
DA:136,0
DA:137,0
DA:142,0
DA:143,0
DA:144,0
DA:145,0
DA:150,0
DA:151,0
DA:152,0
DA:154,0
DA:158,0
DA:159,0
DA:161,0
DA:162,0
DA:163,0
DA:165,0
DA:166,0
DA:169,0
DA:170,0
DA:171,0
DA:172,0
DA:173,0
DA:174,0
DA:175,0
DA:176,0
DA:183,0
DA:192,0
DA:193,0
DA:194,0
DA:195,0
DA:196,0
DA:197,0
DA:198,0
DA:202,0
DA:203,0
DA:205,0
DA:214,0
DA:215,0
DA:216,0
DA:225,0
DA:226,0
DA:227,0
DA:228,0
DA:232,0
DA:233,0
DA:235,0
DA:244,0
DA:245,0
DA:246,0
DA:249,0
DA:258,0
DA:259,0
DA:260,0
DA:261,0
DA:263,0
DA:276,12
DA:277,0
DA:278,0
DA:280,0
DA:281,0
DA:282,0
DA:283,0
DA:287,0
DA:288,0
DA:290,0
DA:291,0
DA:294,0
DA:295,0
DA:296,0
DA:297,0
DA:298,0
DA:299,0
DA:302,0
DA:303,0
DA:304,0
DA:305,0
DA:309,0
DA:312,0
LF:118
LH:4
BRDA:7,0,0,0
BRDA:7,0,1,0
BRDA:12,1,0,0
BRDA:12,1,1,0
BRDA:16,2,0,0
BRDA:16,2,1,0
BRDA:28,3,0,0
BRDA:28,3,1,0
BRDA:32,4,0,0
BRDA:32,4,1,0
BRDA:32,4,2,0
BRDA:32,4,3,0
BRDA:36,5,0,1
BRDA:36,5,1,1
BRDA:40,6,0,10
BRDA:40,6,1,10
BRDA:44,7,0,9
BRDA:44,7,1,8
BRDA:48,8,0,0
BRDA:48,8,1,0
BRDA:52,9,0,0
BRDA:52,9,1,0
BRDA:52,10,0,0
BRDA:52,10,1,0
BRDA:52,10,2,0
BRDA:84,11,0,0
BRDA:84,11,1,0
BRDA:120,12,0,0
BRDA:120,12,1,0
BRDA:136,13,0,0
BRDA:136,13,1,0
BRDA:143,14,0,0
BRDA:143,14,1,0
BRDA:158,15,0,0
BRDA:158,15,1,0
BRDA:162,16,0,0
BRDA:162,16,1,0
BRDA:165,17,0,0
BRDA:165,17,1,0
BRDA:169,18,0,0
BRDA:169,18,1,0
BRDA:171,19,0,0
BRDA:171,19,1,0
BRDA:175,20,0,0
BRDA:175,20,1,0
BRDA:191,21,0,0
BRDA:194,22,0,0
BRDA:194,22,1,0
BRDA:194,23,0,0
BRDA:194,23,1,0
BRDA:197,24,0,0
BRDA:197,24,1,0
BRDA:202,25,0,0
BRDA:202,25,1,0
BRDA:216,26,0,0
BRDA:216,26,1,0
BRDA:216,27,0,0
BRDA:216,27,1,0
BRDA:216,27,2,0
BRDA:216,27,3,0
BRDA:216,27,4,0
BRDA:216,27,5,0
BRDA:216,27,6,0
BRDA:216,27,7,0
BRDA:216,27,8,0
BRDA:227,28,0,0
BRDA:227,28,1,0
BRDA:232,29,0,0
BRDA:232,29,1,0
BRDA:245,30,0,0
BRDA:245,30,1,0
BRDA:260,31,0,0
BRDA:260,31,1,0
BRDA:277,32,0,0
BRDA:277,32,1,0
BRDA:278,33,0,0
BRDA:278,33,1,0
BRDA:283,34,0,0
BRDA:283,34,1,0
BRDA:290,35,0,0
BRDA:290,35,1,0
BRDA:294,36,0,0
BRDA:294,36,1,0
BRDA:295,37,0,0
BRDA:295,37,1,0
BRDA:295,38,0,0
BRDA:295,38,1,0
BRDA:295,38,2,0
BRDA:295,38,3,0
BRDA:295,38,4,0
BRDA:296,39,0,0
BRDA:296,39,1,0
BRDA:302,40,0,0
BRDA:302,40,1,0
BRDA:304,41,0,0
BRDA:304,41,1,0
BRF:96
BRH:6
end_of_record
TN:
SF:/Users/lou/ediphy/core/api.es6
FN:3,api
FN:5,(anonymous_1)
FN:8,(anonymous_2)
FN:11,(anonymous_3)
FN:12,(anonymous_4)
FN:18,(anonymous_5)
FN:21,(anonymous_6)
FN:24,(anonymous_7)
FN:27,(anonymous_8)
FN:44,api_private
FN:76,(anonymous_10)
FN:80,(anonymous_11)
FN:83,(anonymous_12)
FN:87,(anonymous_13)
FN:91,(anonymous_14)
FN:95,(anonymous_15)
FNF:16
FNH:2
FNDA:12,api
FNDA:0,(anonymous_1)
FNDA:0,(anonymous_2)
FNDA:0,(anonymous_3)
FNDA:0,(anonymous_4)
FNDA:0,(anonymous_5)
FNDA:0,(anonymous_6)
FNDA:0,(anonymous_7)
FNDA:0,(anonymous_8)
FNDA:12,api_private
FNDA:0,(anonymous_10)
FNDA:0,(anonymous_11)
FNDA:0,(anonymous_12)
FNDA:0,(anonymous_13)
FNDA:0,(anonymous_14)
FNDA:0,(anonymous_15)
DA:4,12
DA:6,0
DA:9,0
DA:12,0
DA:13,0
DA:15,0
DA:16,0
DA:19,0
DA:22,0
DA:25,0
DA:28,0
DA:29,0
DA:31,0
DA:46,12
DA:77,0
DA:78,0
DA:81,0
DA:84,0
DA:85,0
DA:88,0
DA:89,0
DA:92,0
DA:93,0
DA:96,0
LF:24
LH:2
BRDA:28,0,0,0
BRDA:28,0,1,0
BRF:2
BRH:0
end_of_record
TN:
SF:/Users/lou/ediphy/core/config.es6
FNF:0
FNH:0
LF:0
LH:0
BRF:0
BRH:0
end_of_record
TN:
SF:/Users/lou/ediphy/core/config_noserver.es6
FNF:0
FNH:0
LF:0
LH:0
BRF:0
BRH:0
end_of_record
TN:
SF:/Users/lou/ediphy/core/config_production.es6
FNF:0
FNH:0
LF:0
LH:0
BRF:0
BRH:0
end_of_record
TN:
SF:/Users/lou/ediphy/core/editor/base_plugin.es6
FN:6,(anonymous_0)
FN:9,(anonymous_1)
FN:20,(anonymous_2)
FN:42,(anonymous_3)
FN:45,(anonymous_4)
FN:61,(anonymous_5)
FN:66,(anonymous_6)
FN:74,(anonymous_7)
FN:123,(anonymous_8)
FN:133,(anonymous_9)
FN:188,(anonymous_10)
FN:191,(anonymous_11)
FN:248,(anonymous_12)
FN:257,(anonymous_13)
FN:269,(anonymous_14)
FN:272,(anonymous_15)
FN:278,(anonymous_16)
FN:284,(anonymous_17)
FN:291,(anonymous_18)
FN:300,(anonymous_19)
FN:305,(anonymous_20)
FN:352,(anonymous_21)
FN:355,(anonymous_22)
FN:361,(anonymous_23)
FN:369,(anonymous_24)
FN:372,(anonymous_25)
FN:375,(anonymous_26)
FNF:27
FNH:0
FNDA:0,(anonymous_0)
FNDA:0,(anonymous_1)
FNDA:0,(anonymous_2)
FNDA:0,(anonymous_3)
FNDA:0,(anonymous_4)
FNDA:0,(anonymous_5)
FNDA:0,(anonymous_6)
FNDA:0,(anonymous_7)
FNDA:0,(anonymous_8)
FNDA:0,(anonymous_9)
FNDA:0,(anonymous_10)
FNDA:0,(anonymous_11)
FNDA:0,(anonymous_12)
FNDA:0,(anonymous_13)
FNDA:0,(anonymous_14)
FNDA:0,(anonymous_15)
FNDA:0,(anonymous_16)
FNDA:0,(anonymous_17)
FNDA:0,(anonymous_18)
FNDA:0,(anonymous_19)
FNDA:0,(anonymous_20)
FNDA:0,(anonymous_21)
FNDA:0,(anonymous_22)
FNDA:0,(anonymous_23)
FNDA:0,(anonymous_24)
FNDA:0,(anonymous_25)
FNDA:0,(anonymous_26)
DA:4,12
DA:7,0
DA:9,0
DA:10,0
DA:11,0
DA:14,0
DA:15,0
DA:17,0
DA:20,0
DA:21,0
DA:22,0
DA:23,0
DA:26,0
DA:27,0
DA:28,0
DA:30,0
DA:31,0
DA:32,0
DA:33,0
DA:34,0
DA:35,0
DA:36,0
DA:41,0
DA:43,0
DA:45,0
DA:46,0
DA:57,0
DA:62,0
DA:63,0
DA:67,0
DA:68,0
DA:69,0
DA:70,0
DA:77,0
DA:78,0
DA:79,0
DA:80,0
DA:81,0
DA:82,0
DA:83,0
DA:84,0
DA:85,0
DA:86,0
DA:87,0
DA:88,0
DA:89,0
DA:90,0
DA:91,0
DA:92,0
DA:93,0
DA:94,0
DA:95,0
DA:98,0
DA:99,0
DA:100,0
DA:101,0
DA:102,0
DA:103,0
DA:104,0
DA:105,0
DA:106,0
DA:107,0
DA:108,0
DA:109,0
DA:110,0
DA:111,0
DA:112,0
DA:114,0
DA:115,0
DA:116,0
DA:117,0
DA:118,0
DA:120,0
DA:123,0
DA:124,0
DA:125,0
DA:126,0
DA:128,0
DA:129,0
DA:130,0
DA:132,0
DA:133,0
DA:134,0
DA:138,0
DA:139,0
DA:140,0
DA:141,0
DA:144,0
DA:145,0
DA:146,0
DA:149,0
DA:150,0
DA:151,0
DA:152,0
DA:153,0
DA:155,0
DA:156,0
DA:159,0
DA:160,0
DA:162,0
DA:167,0
DA:189,0
DA:195,0
DA:196,0
DA:198,0
DA:200,0
DA:201,0
DA:202,0
DA:203,0
DA:204,0
DA:206,0
DA:207,0
DA:208,0
DA:209,0
DA:210,0
DA:211,0
DA:212,0
DA:213,0
DA:214,0
DA:216,0
DA:217,0
DA:220,0
DA:221,0
DA:222,0
DA:223,0
DA:224,0
DA:225,0
DA:227,0
DA:228,0
DA:229,0
DA:230,0
DA:231,0
DA:232,0
DA:233,0
DA:234,0
DA:235,0
DA:236,0
DA:238,0
DA:239,0
DA:246,0
DA:249,0
DA:250,0
DA:252,0
DA:253,0
DA:254,0
DA:257,0
DA:258,0
DA:259,0
DA:260,0
DA:261,0
DA:264,0
DA:270,0
DA:273,0
DA:274,0
DA:276,0
DA:279,0
DA:280,0
DA:282,0
DA:285,0
DA:286,0
DA:288,0
DA:292,0
DA:293,0
DA:295,0
DA:298,0
DA:301,0
DA:302,0
DA:303,0
DA:317,0
DA:318,0
DA:321,0
DA:322,0
DA:323,0
DA:324,0
DA:326,0
DA:328,0
DA:329,0
DA:353,0
DA:356,0
DA:357,0
DA:358,0
DA:362,0
DA:363,0
DA:364,0
DA:365,0
DA:367,0
DA:370,0
DA:373,0
DA:379,0
LF:189
LH:1
BRDA:10,0,0,0
BRDA:10,0,1,0
BRDA:14,1,0,0
BRDA:14,1,1,0
BRDA:21,2,0,0
BRDA:21,2,1,0
BRDA:26,3,0,0
BRDA:26,3,1,0
BRDA:26,4,0,0
BRDA:26,4,1,0
BRDA:27,5,0,0
BRDA:27,5,1,0
BRDA:31,6,0,0
BRDA:31,6,1,0
BRDA:33,7,0,0
BRDA:33,7,1,0
BRDA:46,8,0,0
BRDA:46,8,1,0
BRDA:46,9,0,0
BRDA:46,9,1,0
BRDA:46,9,2,0
BRDA:46,9,3,0
BRDA:46,9,4,0
BRDA:46,9,5,0
BRDA:46,9,6,0
BRDA:46,9,7,0
BRDA:46,9,8,0
BRDA:46,9,9,0
BRDA:46,9,10,0
BRDA:62,10,0,0
BRDA:62,10,1,0
BRDA:77,11,0,0
BRDA:77,11,1,0
BRDA:114,12,0,0
BRDA:114,12,1,0
BRDA:117,13,0,0
BRDA:117,13,1,0
BRDA:117,14,0,0
BRDA:117,14,1,0
BRDA:117,14,2,0
BRDA:125,15,0,0
BRDA:125,15,1,0
BRDA:128,16,0,0
BRDA:128,16,1,0
BRDA:129,17,0,0
BRDA:129,17,1,0
BRDA:132,18,0,0
BRDA:132,18,1,0
BRDA:138,19,0,0
BRDA:138,19,1,0
BRDA:139,20,0,0
BRDA:139,20,1,0
BRDA:144,21,0,0
BRDA:144,21,1,0
BRDA:145,22,0,0
BRDA:145,22,1,0
BRDA:150,23,0,0
BRDA:150,23,1,0
BRDA:150,24,0,0
BRDA:150,24,1,0
BRDA:152,25,0,0
BRDA:152,25,1,0
BRDA:153,26,0,0
BRDA:153,26,1,0
BRDA:153,27,0,0
BRDA:153,27,1,0
BRDA:155,28,0,0
BRDA:155,28,1,0
BRDA:156,29,0,0
BRDA:156,29,1,0
BRDA:156,30,0,0
BRDA:156,30,1,0
BRDA:159,31,0,0
BRDA:159,31,1,0
BRDA:195,32,0,0
BRDA:195,32,1,0
BRDA:213,33,0,0
BRDA:213,33,1,0
BRDA:213,34,0,0
BRDA:213,34,1,0
BRDA:216,35,0,0
BRDA:216,35,1,0
BRDA:216,36,0,0
BRDA:216,36,1,0
BRDA:220,37,0,0
BRDA:220,37,1,0
BRDA:220,38,0,0
BRDA:220,38,1,0
BRDA:224,39,0,0
BRDA:224,39,1,0
BRDA:235,40,0,0
BRDA:235,40,1,0
BRDA:235,41,0,0
BRDA:235,41,1,0
BRDA:238,42,0,0
BRDA:238,42,1,0
BRDA:238,43,0,0
BRDA:238,43,1,0
BRDA:252,44,0,0
BRDA:252,44,1,0
BRDA:253,45,0,0
BRDA:253,45,1,0
BRDA:258,46,0,0
BRDA:258,46,1,0
BRDA:260,47,0,0
BRDA:260,47,1,0
BRDA:273,48,0,0
BRDA:273,48,1,0
BRDA:279,49,0,0
BRDA:279,49,1,0
BRDA:285,50,0,0
BRDA:285,50,1,0
BRDA:292,51,0,0
BRDA:292,51,1,0
BRDA:302,52,0,0
BRDA:302,52,1,0
BRDA:317,53,0,0
BRDA:317,53,1,0
BRDA:322,54,0,0
BRDA:322,54,1,0
BRDA:322,55,0,0
BRDA:322,55,1,0
BRDA:328,56,0,0
BRDA:328,56,1,0
BRDA:357,57,0,0
BRDA:357,57,1,0
BRDA:363,58,0,0
BRDA:363,58,1,0
BRDA:364,59,0,0
BRDA:364,59,1,0
BRF:130
BRH:0
end_of_record
TN:
SF:/Users/lou/ediphy/core/editor/main.es6
FNF:0
FNH:0
DA:10,12
LF:1
LH:1
BRDA:10,0,0,0
BRDA:10,0,1,12
BRDA:11,1,0,0
BRDA:11,1,1,12
BRF:4
BRH:2
end_of_record
TN:
SF:/Users/lou/ediphy/core/editor/plugins.es6
FN:4,(anonymous_0)
FN:8,(anonymous_1)
FN:11,(anonymous_2)
FN:14,(anonymous_3)
FN:17,(anonymous_4)
FN:18,(anonymous_5)
FN:25,(anonymous_6)
FN:28,(anonymous_7)
FNF:8
FNH:1
FNDA:12,(anonymous_0)
FNDA:0,(anonymous_1)
FNDA:0,(anonymous_2)
FNDA:0,(anonymous_3)
FNDA:0,(anonymous_4)
FNDA:0,(anonymous_5)
FNDA:0,(anonymous_6)
FNDA:0,(anonymous_7)
DA:5,12
DA:7,12
DA:9,0
DA:12,0
DA:15,0
DA:18,0
DA:19,0
DA:21,0
DA:23,0
DA:26,0
DA:28,0
DA:29,0
DA:30,0
DA:31,0
DA:32,0
DA:33,0
DA:34,0
DA:35,0
DA:36,0
DA:37,0
DA:39,0
DA:44,0
LF:22
LH:2
BRF:0
BRH:0
end_of_record
TN:
SF:/Users/lou/ediphy/core/scorm/main.es6
FN:5,(anonymous_0)
FN:58,(anonymous_1)
FN:102,(anonymous_2)
FN:167,(anonymous_3)
FN:190,(anonymous_4)
FN:235,(anonymous_5)
FN:279,(anonymous_6)
FN:323,(anonymous_7)
FN:430,(anonymous_8)
FN:465,(anonymous_9)
FN:498,(anonymous_10)
FN:503,(anonymous_11)
FN:506,(anonymous_12)
FN:577,(anonymous_13)
FN:630,(anonymous_14)
FN:651,(anonymous_15)
FN:689,(anonymous_16)
FN:692,(anonymous_17)
FNF:18
FNH:0
FNDA:0,(anonymous_0)
FNDA:0,(anonymous_1)
FNDA:0,(anonymous_2)
FNDA:0,(anonymous_3)
FNDA:0,(anonymous_4)
FNDA:0,(anonymous_5)
FNDA:0,(anonymous_6)
FNDA:0,(anonymous_7)
FNDA:0,(anonymous_8)
FNDA:0,(anonymous_9)
FNDA:0,(anonymous_10)
FNDA:0,(anonymous_11)
FNDA:0,(anonymous_12)
FNDA:0,(anonymous_13)
FNDA:0,(anonymous_14)
FNDA:0,(anonymous_15)
FNDA:0,(anonymous_16)
FNDA:0,(anonymous_17)
DA:6,0
DA:9,0
DA:10,0
DA:11,0
DA:12,0
DA:13,0
DA:14,0
DA:15,0
DA:16,0
DA:17,0
DA:18,0
DA:21,0
DA:22,0
DA:23,0
DA:24,0
DA:25,0
DA:26,0
DA:27,0
DA:28,0
DA:29,0
DA:30,0
DA:33,0
DA:36,0
DA:37,0
DA:38,0
DA:39,0
DA:40,0
DA:41,0
DA:42,0
DA:43,0
DA:44,0
DA:45,0
DA:50,0
DA:51,0
DA:52,0
DA:54,0
DA:56,0
DA:59,0
DA:60,0
DA:61,0
DA:62,0
DA:64,0
DA:65,0
DA:72,0
DA:73,0
DA:76,0
DA:77,0
DA:80,0
DA:81,0
DA:84,0
DA:85,0
DA:88,0
DA:89,0
DA:96,0
DA:97,0
DA:99,0
DA:100,0
DA:103,0
DA:104,0
DA:105,0
DA:106,0
DA:107,0
DA:108,0
DA:109,0
DA:110,0
DA:111,0
DA:112,0
DA:113,0
DA:114,0
DA:115,0
DA:116,0
DA:117,0
DA:118,0
DA:119,0
DA:120,0
DA:121,0
DA:122,0
DA:123,0
DA:124,0
DA:125,0
DA:126,0
DA:127,0
DA:128,0
DA:129,0
DA:130,0
DA:131,0
DA:132,0
DA:133,0
DA:134,0
DA:135,0
DA:136,0
DA:137,0
DA:138,0
DA:139,0
DA:140,0
DA:141,0
DA:142,0
DA:145,0
DA:146,0
DA:147,0
DA:148,0
DA:149,0
DA:150,0
DA:151,0
DA:152,0
DA:153,0
DA:154,0
DA:155,0
DA:156,0
DA:157,0
DA:158,0
DA:159,0
DA:160,0
DA:161,0
DA:162,0
DA:163,0
DA:164,0
DA:165,0
DA:168,0
DA:169,0
DA:170,0
DA:171,0
DA:172,0
DA:173,0
DA:174,0
DA:175,0
DA:176,0
DA:177,0
DA:178,0
DA:179,0
DA:180,0
DA:181,0
DA:182,0
DA:183,0
DA:184,0
DA:185,0
DA:186,0
DA:187,0
DA:188,0
DA:191,0
DA:192,0
DA:193,0
DA:194,0
DA:195,0
DA:196,0
DA:197,0
DA:198,0
DA:199,0
DA:200,0
DA:201,0
DA:202,0
DA:203,0
DA:204,0
DA:205,0
DA:206,0
DA:207,0
DA:208,0
DA:209,0
DA:210,0
DA:211,0
DA:212,0
DA:213,0
DA:214,0
DA:215,0
DA:216,0
DA:217,0
DA:218,0
DA:219,0
DA:220,0
DA:221,0
DA:222,0
DA:223,0
DA:224,0
DA:225,0
DA:226,0
DA:227,0
DA:228,0
DA:229,0
DA:230,0
DA:231,0
DA:232,0
DA:233,0
DA:236,0
DA:237,0
DA:238,0
DA:239,0
DA:240,0
DA:241,0
DA:242,0
DA:243,0
DA:244,0
DA:245,0
DA:246,0
DA:247,0
DA:248,0
DA:249,0
DA:250,0
DA:251,0
DA:252,0
DA:253,0
DA:254,0
DA:255,0
DA:256,0
DA:257,0
DA:258,0
DA:259,0
DA:260,0
DA:261,0
DA:262,0
DA:263,0
DA:264,0
DA:265,0
DA:266,0
DA:267,0
DA:269,0
DA:270,0
DA:271,0
DA:272,0
DA:273,0
DA:274,0
DA:275,0
DA:276,0
DA:277,0
DA:280,0
DA:281,0
DA:282,0
DA:284,0
DA:285,0
DA:286,0
DA:287,0
DA:288,0
DA:289,0
DA:290,0
DA:291,0
DA:292,0
DA:293,0
DA:294,0
DA:295,0
DA:296,0
DA:297,0
DA:298,0
DA:299,0
DA:300,0
DA:301,0
DA:302,0
DA:303,0
DA:304,0
DA:305,0
DA:306,0
DA:307,0
DA:308,0
DA:309,0
DA:310,0
DA:311,0
DA:312,0
DA:313,0
DA:314,0
DA:315,0
DA:316,0
DA:317,0
DA:318,0
DA:319,0
DA:320,0
DA:321,0
DA:324,0
DA:325,0
DA:326,0
DA:327,0
DA:328,0
DA:329,0
DA:330,0
DA:331,0
DA:332,0
DA:333,0
DA:334,0
DA:335,0
DA:336,0
DA:348,0
DA:349,0
DA:350,0
DA:351,0
DA:352,0
DA:353,0
DA:354,0
DA:355,0
DA:356,0
DA:357,0
DA:358,0
DA:359,0
DA:360,0
DA:361,0
DA:362,0
DA:363,0
DA:364,0
DA:365,0
DA:366,0
DA:367,0
DA:368,0
DA:369,0
DA:370,0
DA:371,0
DA:372,0
DA:373,0
DA:374,0
DA:375,0
DA:376,0
DA:377,0
DA:378,0
DA:379,0
DA:380,0
DA:381,0
DA:382,0
DA:383,0
DA:384,0
DA:385,0
DA:386,0
DA:387,0
DA:388,0
DA:389,0
DA:390,0
DA:391,0
DA:392,0
DA:393,0
DA:394,0
DA:395,0
DA:396,0
DA:397,0
DA:398,0
DA:399,0
DA:400,0
DA:401,0
DA:402,0
DA:403,0
DA:404,0
DA:405,0
DA:406,0
DA:407,0
DA:408,0
DA:409,0
DA:410,0
DA:411,0
DA:412,0
DA:413,0
DA:414,0
DA:415,0
DA:416,0
DA:417,0
DA:418,0
DA:419,0
DA:420,0
DA:421,0
DA:422,0
DA:424,0
DA:425,0
DA:426,0
DA:427,0
DA:428,0
DA:431,0
DA:432,0
DA:433,0
DA:434,0
DA:435,0
DA:436,0
DA:437,0
DA:438,0
DA:439,0
DA:440,0
DA:441,0
DA:442,0
DA:443,0
DA:444,0
DA:445,0
DA:446,0
DA:447,0
DA:448,0
DA:449,0
DA:450,0
DA:451,0
DA:452,0
DA:453,0
DA:454,0
DA:455,0
DA:456,0
DA:457,0
DA:458,0
DA:459,0
DA:460,0
DA:461,0
DA:462,0
DA:463,0
DA:466,0
DA:467,0
DA:468,0
DA:469,0
DA:470,0
DA:471,0
DA:472,0
DA:473,0
DA:474,0
DA:475,0
DA:476,0
DA:477,0
DA:478,0
DA:479,0
DA:480,0
DA:481,0
DA:482,0
DA:483,0
DA:484,0
DA:485,0
DA:486,0
DA:487,0
DA:488,0
DA:489,0
DA:490,0
DA:491,0
DA:492,0
DA:493,0
DA:494,0
DA:495,0
DA:496,0
DA:499,0
DA:500,0
DA:501,0
DA:504,0
DA:507,0
DA:508,0
DA:509,0
DA:510,0
DA:511,0
DA:512,0
DA:513,0
DA:515,0
DA:516,0
DA:518,0
DA:519,0
DA:520,0
DA:521,0
DA:522,0
DA:523,0
DA:524,0
DA:527,0
DA:528,0
DA:530,0
DA:533,0
DA:538,0
DA:542,0
DA:543,0
DA:544,0
DA:545,0
DA:546,0
DA:547,0
DA:549,0
DA:550,0
DA:551,0
DA:553,0
DA:556,0
DA:557,0
DA:559,0
DA:562,0
DA:567,0
DA:568,0
DA:569,0
DA:573,0
DA:575,0
DA:578,0
DA:579,0
DA:580,0
DA:581,0
DA:582,0
DA:583,0
DA:584,0
DA:585,0
DA:586,0
DA:588,0
DA:607,0
DA:608,0
DA:609,0
DA:610,0
DA:611,0
DA:612,0
DA:613,0
DA:614,0
DA:615,0
DA:617,0
DA:618,0
DA:619,0
DA:621,0
DA:622,0
DA:625,0
DA:628,0
DA:631,0
DA:632,0
DA:633,0
DA:634,0
DA:635,0
DA:636,0
DA:637,0
DA:638,0
DA:639,0
DA:640,0
DA:641,0
DA:642,0
DA:643,0
DA:644,0
DA:645,0
DA:646,0
DA:649,0
DA:652,0
DA:653,0
DA:654,0
DA:655,0
DA:656,0
DA:659,0
DA:660,0
DA:661,0
DA:662,0
DA:664,0
DA:665,0
DA:666,0
DA:667,0
DA:668,0
DA:669,0
DA:670,0
DA:671,0
DA:672,0
DA:673,0
DA:674,0
DA:675,0
DA:676,0
DA:677,0
DA:678,0
DA:679,0
DA:680,0
DA:681,0
DA:682,0
DA:683,0
DA:684,0
DA:686,0
DA:687,0
DA:690,0
DA:693,0
DA:696,0
DA:697,0
DA:698,0
DA:699,0
DA:700,0
DA:701,0
DA:702,0
DA:705,0
DA:706,0
DA:707,0
DA:708,0
DA:709,0
DA:711,0
DA:712,0
DA:713,0
DA:714,0
DA:717,0
DA:718,0
DA:719,0
DA:720,0
DA:723,0
DA:724,0
DA:725,0
DA:726,0
DA:729,0
DA:731,0
DA:734,0
DA:735,0
DA:737,0
DA:738,0
DA:740,0
DA:742,0
DA:743,0
DA:744,0
DA:747,0
DA:748,0
DA:749,0
DA:750,0
DA:752,0
DA:753,0
DA:756,0
DA:757,0
DA:759,0
DA:762,0
DA:768,0
DA:769,0
DA:770,0
DA:771,0
DA:772,0
DA:777,0
DA:783,0
DA:786,0
DA:787,0
DA:788,0
DA:791,0
DA:792,0
DA:793,0
DA:794,0
DA:795,0
DA:797,0
DA:798,0
DA:799,0
DA:801,0
DA:808,0
DA:809,0
DA:810,0
DA:812,0
DA:814,0
LF:610
LH:0
BRDA:103,0,0,0
BRDA:103,0,1,0
BRDA:119,1,0,0
BRDA:119,1,1,0
BRDA:130,2,0,0
BRDA:130,2,1,0
BRDA:134,3,0,0
BRDA:134,3,1,0
BRDA:134,4,0,0
BRDA:134,4,1,0
BRDA:168,5,0,0
BRDA:168,5,1,0
BRDA:172,6,0,0
BRDA:172,6,1,0
BRDA:172,7,0,0
BRDA:172,7,1,0
BRDA:191,8,0,0
BRDA:191,8,1,0
BRDA:280,9,0,0
BRDA:280,9,1,0
BRDA:296,10,0,0
BRDA:296,10,1,0
BRDA:296,11,0,0
BRDA:296,11,1,0
BRDA:324,12,0,0
BRDA:324,12,1,0
BRDA:384,13,0,0
BRDA:384,13,1,0
BRDA:391,14,0,0
BRDA:391,14,1,0
BRDA:391,15,0,0
BRDA:391,15,1,0
BRDA:401,16,0,0
BRDA:401,16,1,0
BRDA:406,17,0,0
BRDA:406,17,1,0
BRDA:406,17,2,0
BRDA:407,18,0,0
BRDA:407,18,1,0
BRDA:407,18,2,0
BRDA:408,19,0,0
BRDA:408,19,1,0
BRDA:408,19,2,0
BRDA:409,20,0,0
BRDA:409,20,1,0
BRDA:409,21,0,0
BRDA:409,21,1,0
BRDA:409,21,2,0
BRDA:412,22,0,0
BRDA:412,22,1,0
BRDA:412,23,0,0
BRDA:412,23,1,0
BRDA:412,24,0,0
BRDA:412,24,1,0
BRDA:431,25,0,0
BRDA:431,25,1,0
BRDA:466,26,0,0
BRDA:466,26,1,0
BRDA:508,27,0,0
BRDA:508,27,1,0
BRDA:511,28,0,0
BRDA:511,28,1,0
BRDA:512,29,0,0
BRDA:512,29,1,0
BRDA:515,30,0,0
BRDA:515,30,1,0
BRDA:527,31,0,0
BRDA:527,31,1,0
BRDA:542,32,0,0
BRDA:542,32,1,0
BRDA:546,33,0,0
BRDA:546,33,1,0
BRDA:546,34,0,0
BRDA:546,34,1,0
BRDA:556,35,0,0
BRDA:556,35,1,0
BRDA:567,36,0,0
BRDA:567,36,1,0
BRDA:612,37,0,0
BRDA:612,37,1,0
BRDA:612,38,0,0
BRDA:612,38,1,0
BRDA:612,39,0,0
BRDA:612,39,1,0
BRDA:621,40,0,0
BRDA:621,40,1,0
BRDA:643,41,0,0
BRDA:643,41,1,0
BRDA:643,42,0,0
BRDA:643,42,1,0
BRDA:643,42,2,0
BRDA:737,43,0,0
BRDA:737,43,1,0
BRDA:743,44,0,0
BRDA:743,44,1,0
BRDA:743,45,0,0
BRDA:743,45,1,0
BRDA:756,46,0,0
BRDA:756,46,1,0
BRDA:771,47,0,0
BRDA:771,47,1,0
BRDA:788,48,0,0
BRDA:788,48,1,0
BRDA:788,49,0,0
BRDA:788,49,1,0
BRF:105
BRH:0
end_of_record
TN:
SF:/Users/lou/ediphy/core/visor/base_plugin.es6
FN:4,(anonymous_0)
FN:8,(anonymous_1)
FN:50,(anonymous_2)
FN:53,(anonymous_3)
FN:65,(anonymous_4)
FN:70,(anonymous_5)
FN:99,(anonymous_6)
FN:120,(anonymous_7)
FN:122,(anonymous_8)
FN:130,(anonymous_9)
FN:133,(anonymous_10)
FN:139,(anonymous_11)
FNF:12
FNH:0
FNDA:0,(anonymous_0)
FNDA:0,(anonymous_1)
FNDA:0,(anonymous_2)
FNDA:0,(anonymous_3)
FNDA:0,(anonymous_4)
FNDA:0,(anonymous_5)
FNDA:0,(anonymous_6)
FNDA:0,(anonymous_7)
FNDA:0,(anonymous_8)
FNDA:0,(anonymous_9)
FNDA:0,(anonymous_10)
FNDA:0,(anonymous_11)
DA:2,12
DA:6,0
DA:8,0
DA:9,0
DA:10,0
DA:11,0
DA:12,0
DA:13,0
DA:14,0
DA:15,0
DA:16,0
DA:19,0
DA:20,0
DA:22,0
DA:24,0
DA:25,0
DA:29,0
DA:32,0
DA:33,0
DA:34,0
DA:36,0
DA:37,0
DA:38,0
DA:40,0
DA:41,0
DA:42,0
DA:43,0
DA:44,0
DA:49,0
DA:51,0
DA:53,0
DA:54,0
DA:61,0
DA:66,0
DA:67,0
DA:73,0
DA:74,0
DA:75,0
DA:77,0
DA:78,0
DA:80,0
DA:81,0
DA:82,0
DA:84,0
DA:85,0
DA:88,0
DA:91,0
DA:92,0
DA:93,0
DA:95,0
DA:96,0
DA:97,0
DA:99,0
DA:100,0
DA:102,0
DA:104,0
DA:106,0
DA:109,0
DA:110,0
DA:116,0
DA:117,0
DA:118,0
DA:121,0
DA:122,0
DA:123,0
DA:124,0
DA:128,0
DA:131,0
DA:134,0
DA:135,0
DA:136,0
DA:140,0
DA:141,0
DA:144,0
DA:145,0
DA:146,0
DA:148,0
DA:149,0
DA:154,0
LF:79
LH:1
BRDA:9,0,0,0
BRDA:9,0,1,0
BRDA:11,1,0,0
BRDA:11,1,1,0
BRDA:11,2,0,0
BRDA:11,2,1,0
BRDA:13,3,0,0
BRDA:13,3,1,0
BRDA:15,4,0,0
BRDA:15,4,1,0
BRDA:19,5,0,0
BRDA:19,5,1,0
BRDA:24,6,0,0
BRDA:24,6,1,0
BRDA:32,7,0,0
BRDA:32,7,1,0
BRDA:32,8,0,0
BRDA:32,8,1,0
BRDA:36,9,0,0
BRDA:36,9,1,0
BRDA:36,10,0,0
BRDA:36,10,1,0
BRDA:37,11,0,0
BRDA:37,11,1,0
BRDA:41,12,0,0
BRDA:41,12,1,0
BRDA:43,13,0,0
BRDA:43,13,1,0
BRDA:54,14,0,0
BRDA:54,14,1,0
BRDA:54,15,0,0
BRDA:54,15,1,0
BRDA:54,15,2,0
BRDA:54,15,3,0
BRDA:54,15,4,0
BRDA:54,15,5,0
BRDA:54,15,6,0
BRDA:66,16,0,0
BRDA:66,16,1,0
BRDA:70,17,0,0
BRDA:73,18,0,0
BRDA:73,18,1,0
BRDA:80,19,0,0
BRDA:80,19,1,0
BRDA:81,20,0,0
BRDA:81,20,1,0
BRDA:100,21,0,0
BRDA:100,21,1,0
BRDA:109,22,0,0
BRDA:109,22,1,0
BRDA:121,23,0,0
BRDA:121,23,1,0
BRDA:123,24,0,0
BRDA:123,24,1,0
BRDA:135,25,0,0
BRDA:135,25,1,0
BRDA:135,26,0,0
BRDA:135,26,1,0
BRDA:135,26,2,0
BRDA:140,27,0,0
BRDA:140,27,1,0
BRDA:144,28,0,0
BRDA:144,28,1,0
BRDA:148,29,0,0
BRDA:148,29,1,0
BRF:65
BRH:0
end_of_record
TN:
SF:/Users/lou/ediphy/core/visor/main.es6
FN:11,(anonymous_0)
FN:16,(anonymous_1)
FN:23,(anonymous_2)
FN:45,(anonymous_3)
FN:50,(anonymous_4)
FN:54,(anonymous_5)
FN:58,(anonymous_6)
FN:101,(anonymous_7)
FN:103,(anonymous_8)
FN:114,(anonymous_9)
FN:130,(anonymous_10)
FN:135,(anonymous_11)
FN:139,(anonymous_12)
FN:143,(anonymous_13)
FN:209,(anonymous_14)
FN:211,(anonymous_15)
FN:220,(anonymous_16)
FN:222,(anonymous_17)
FN:226,(anonymous_18)
FN:229,(anonymous_19)
FN:253,(anonymous_20)
FN:258,(anonymous_21)
FN:272,(anonymous_22)
FN:274,(anonymous_23)
FNF:24
FNH:0
FNDA:0,(anonymous_0)
FNDA:0,(anonymous_1)
FNDA:0,(anonymous_2)
FNDA:0,(anonymous_3)
FNDA:0,(anonymous_4)
FNDA:0,(anonymous_5)
FNDA:0,(anonymous_6)
FNDA:0,(anonymous_7)
FNDA:0,(anonymous_8)
FNDA:0,(anonymous_9)
FNDA:0,(anonymous_10)
FNDA:0,(anonymous_11)
FNDA:0,(anonymous_12)
FNDA:0,(anonymous_13)
FNDA:0,(anonymous_14)
FNDA:0,(anonymous_15)
FNDA:0,(anonymous_16)
FNDA:0,(anonymous_17)
FNDA:0,(anonymous_18)
FNDA:0,(anonymous_19)
FNDA:0,(anonymous_20)
FNDA:0,(anonymous_21)
FNDA:0,(anonymous_22)
FNDA:0,(anonymous_23)
DA:9,12
DA:11,12
DA:12,0
DA:13,0
DA:16,12
DA:17,0
DA:18,0
DA:20,0
DA:23,12
DA:24,0
DA:25,0
DA:26,0
DA:27,0
DA:28,0
DA:29,0
DA:36,0
DA:37,0
DA:46,0
DA:47,0
DA:48,0
DA:49,0
DA:50,0
DA:51,0
DA:52,0
DA:54,0
DA:55,0
DA:56,0
DA:58,0
DA:81,0
DA:82,0
DA:83,0
DA:85,0
DA:86,0
DA:87,0
DA:88,0
DA:92,0
DA:95,0
DA:96,0
DA:97,0
DA:98,0
DA:100,0
DA:102,0
DA:104,0
DA:111,0
DA:115,0
DA:116,0
DA:117,0
DA:118,0
DA:119,0
DA:124,0
DA:132,0
DA:133,0
DA:134,0
DA:135,0
DA:136,0
DA:137,0
DA:139,0
DA:140,0
DA:141,0
DA:143,0
DA:144,0
DA:145,0
DA:186,0
DA:187,0
DA:188,0
DA:189,0
DA:191,0
DA:192,0
DA:193,0
DA:194,0
DA:198,0
DA:201,0
DA:202,0
DA:203,0
DA:204,0
DA:205,0
DA:206,0
DA:208,0
DA:210,0
DA:212,0
DA:218,0
DA:222,0
DA:223,0
DA:224,0
DA:226,0
DA:227,0
DA:229,0
DA:230,0
DA:231,0
DA:234,0
DA:235,0
DA:238,0
DA:240,0
DA:241,0
DA:243,0
DA:245,0
DA:248,0
DA:249,0
DA:250,0
DA:254,0
DA:255,0
DA:256,0
DA:259,0
DA:264,0
DA:265,0
DA:267,0
DA:268,0
DA:269,0
DA:271,0
DA:273,0
DA:275,0
LF:111
LH:4
BRDA:17,0,0,0
BRDA:17,0,1,0
BRDA:25,1,0,0
BRDA:25,1,1,0
BRDA:25,2,0,0
BRDA:25,2,1,0
BRDA:26,3,0,0
BRDA:26,3,1,0
BRDA:51,4,0,0
BRDA:51,4,1,0
BRDA:52,5,0,0
BRDA:52,5,1,0
BRDA:55,6,0,0
BRDA:55,6,1,0
BRDA:82,7,0,0
BRDA:82,7,1,0
BRDA:82,8,0,0
BRDA:82,8,1,0
BRDA:83,9,0,0
BRDA:83,9,1,0
BRDA:86,10,0,0
BRDA:86,10,1,0
BRDA:115,11,0,0
BRDA:115,11,1,0
BRDA:136,12,0,0
BRDA:136,12,1,0
BRDA:137,13,0,0
BRDA:137,13,1,0
BRDA:140,14,0,0
BRDA:140,14,1,0
BRDA:188,15,0,0
BRDA:188,15,1,0
BRDA:188,16,0,0
BRDA:188,16,1,0
BRDA:189,17,0,0
BRDA:189,17,1,0
BRDA:192,18,0,0
BRDA:192,18,1,0
BRDA:223,19,0,0
BRDA:223,19,1,0
BRDA:230,20,0,0
BRDA:230,20,1,0
BRDA:234,21,0,0
BRDA:234,21,1,0
BRDA:234,22,0,0
BRDA:234,22,1,0
BRDA:240,23,0,0
BRDA:240,23,1,0
BRDA:248,24,0,0
BRDA:248,24,1,0
BRF:50
BRH:0
end_of_record
TN:
SF:/Users/lou/ediphy/core/visor/plugins.es6
FN:4,(anonymous_0)
FN:7,(anonymous_1)
FN:10,(anonymous_2)
FN:13,(anonymous_3)
FNF:4
FNH:1
FNDA:12,(anonymous_0)
FNDA:0,(anonymous_1)
FNDA:0,(anonymous_2)
FNDA:0,(anonymous_3)
DA:5,12
DA:6,12
DA:8,0
DA:11,0
DA:14,0
DA:15,0
DA:16,0
DA:17,0
DA:21,0
DA:22,0
DA:23,0
LF:11
LH:2
BRF:0
BRH:0
end_of_record
TN:
SF:/Users/lou/ediphy/reducers/box_level_selected.es6
FN:4,(anonymous_0)
FNF:1
FNH:1
FNDA:31,(anonymous_0)
DA:5,31
DA:7,1
DA:9,12
DA:11,10
DA:13,6
DA:14,1
DA:16,5
DA:17,1
DA:20,4
DA:22,0
DA:24,1
DA:26,1
LF:12
LH:11
BRDA:4,0,0,2
BRDA:4,1,0,0
BRDA:5,2,0,1
BRDA:5,2,1,12
BRDA:5,2,2,10
BRDA:5,2,3,6
BRDA:5,2,4,0
BRDA:5,2,5,1
BRDA:5,2,6,1
BRDA:13,3,0,1
BRDA:13,3,1,5
BRDA:16,4,0,1
BRDA:16,4,1,4
BRF:13
BRH:11
end_of_record
TN:
SF:/Users/lou/ediphy/reducers/box_selected.es6
FN:6,(anonymous_0)
FNF:1
FNH:1
FNDA:22,(anonymous_0)
DA:7,22
DA:10,5
DA:11,2
DA:12,1
DA:14,1
DA:17,3
DA:18,2
DA:21,1
DA:24,1
DA:27,7
DA:28,6
DA:31,1
DA:32,1
DA:34,0
DA:36,1
DA:38,1
DA:40,1
DA:42,0
DA:44,1
DA:46,1
DA:48,1
DA:50,2
DA:52,1
LF:23
LH:21
BRDA:6,0,0,2
BRDA:6,1,0,0
BRDA:7,2,0,5
BRDA:7,2,1,1
BRDA:7,2,2,7
BRDA:7,2,3,1
BRDA:7,2,4,1
BRDA:7,2,5,1
BRDA:7,2,6,0
BRDA:7,2,7,1
BRDA:7,2,8,1
BRDA:7,2,9,1
BRDA:7,2,10,2
BRDA:7,2,11,1
BRDA:10,3,0,2
BRDA:10,3,1,3
BRDA:11,4,0,1
BRDA:11,4,1,1
BRDA:17,5,0,2
BRDA:17,5,1,1
BRDA:17,6,0,3
BRDA:17,6,1,3
BRDA:27,7,0,6
BRDA:27,7,1,1
BRDA:31,8,0,1
BRDA:31,8,1,0
BRF:26
BRH:23
end_of_record
TN:
SF:/Users/lou/ediphy/reducers/boxes_by_id.es6
FN:7,boxCreator
FN:82,sortableContainerCreator
FN:103,boxReducer
FN:156,(anonymous_3)
FN:219,singleSortableContainerReducer
FN:229,(anonymous_5)
FN:259,(anonymous_6)
FN:269,sortableContainersReducer
FN:298,(anonymous_8)
FN:326,(anonymous_9)
FN:357,(anonymous_10)
FN:363,(anonymous_11)
FN:379,(anonymous_12)
FNF:13
FNH:1
FNDA:0,boxCreator
FNDA:0,sortableContainerCreator
FNDA:0,boxReducer
FNDA:0,(anonymous_3)
FNDA:0,singleSortableContainerReducer
FNDA:0,(anonymous_5)
FNDA:0,(anonymous_6)
FNDA:0,sortableContainersReducer
FNDA:1,(anonymous_8)
FNDA:0,(anonymous_9)
FNDA:0,(anonymous_10)
FNDA:0,(anonymous_11)
FNDA:0,(anonymous_12)
DA:9,0
DA:10,0
DA:11,0
DA:14,0
DA:15,0
DA:16,0
DA:18,0
DA:24,0
DA:25,0
DA:31,0
DA:32,0
DA:33,0
DA:34,0
DA:35,0
DA:37,0
DA:38,0
DA:40,0
DA:41,0
DA:43,0
DA:49,0
DA:50,0
DA:51,0
DA:52,0
DA:53,0
DA:54,0
DA:55,0
DA:56,0
DA:61,0
DA:83,0
DA:104,0
DA:106,0
DA:119,0
DA:121,0
DA:122,0
DA:124,0
DA:135,0
DA:137,0
DA:138,0
DA:140,0
DA:148,0
DA:150,0
DA:156,0
DA:161,0
DA:172,0
DA:180,0
DA:182,0
DA:184,0
DA:187,0
DA:188,0
DA:189,0
DA:190,0
DA:191,0
DA:193,0
DA:194,0
DA:196,0
DA:198,0
DA:202,0
DA:215,0
DA:220,0
DA:222,0
DA:224,0
DA:225,0
DA:226,0
DA:227,0
DA:229,0
DA:230,0
DA:232,0
DA:233,0
DA:234,0
DA:235,0
DA:236,0
DA:241,0
DA:252,0
DA:253,0
DA:255,0
DA:257,0
DA:259,0
DA:261,0
DA:263,0
DA:265,0
DA:270,0
DA:272,0
DA:280,0
DA:282,0
DA:284,0
DA:286,0
DA:288,0
DA:290,0
DA:292,0
DA:294,0
DA:301,1
DA:304,0
DA:305,0
DA:316,0
DA:318,0
DA:321,0
DA:322,0
DA:323,0
DA:324,0
DA:326,0
DA:327,0
DA:329,0
DA:330,0
DA:331,0
DA:332,0
DA:335,0
DA:339,0
DA:341,0
DA:345,0
DA:346,0
DA:348,0
DA:350,0
DA:352,0
DA:354,0
DA:356,0
DA:357,0
DA:358,0
DA:360,0
DA:362,0
DA:363,0
DA:364,0
DA:366,0
DA:368,0
DA:369,0
DA:370,0
DA:373,0
DA:374,0
DA:376,0
DA:378,0
DA:379,0
DA:380,0
DA:381,0
DA:382,0
DA:383,0
DA:387,0
DA:389,0
DA:390,0
DA:393,0
DA:395,0
DA:397,0
DA:399,1
LF:141
LH:2
BRDA:10,0,0,0
BRDA:10,0,1,0
BRDA:10,1,0,0
BRDA:10,1,1,0
BRDA:14,2,0,0
BRDA:14,2,1,0
BRDA:24,3,0,0
BRDA:24,3,1,0
BRDA:33,4,0,0
BRDA:33,4,1,0
BRDA:34,5,0,0
BRDA:34,5,1,0
BRDA:37,6,0,0
BRDA:37,6,1,0
BRDA:40,7,0,0
BRDA:40,7,1,0
BRDA:43,8,0,0
BRDA:43,8,1,0
BRDA:51,9,0,0
BRDA:51,9,1,0
BRDA:53,10,0,0
BRDA:53,10,1,0
BRDA:82,11,0,0
BRDA:82,12,0,0
BRDA:82,13,0,0
BRDA:103,14,0,0
BRDA:103,15,0,0
BRDA:104,16,0,0
BRDA:104,16,1,0
BRDA:104,16,2,0
BRDA:104,16,3,0
BRDA:104,16,4,0
BRDA:104,16,5,0
BRDA:104,16,6,0
BRDA:104,16,7,0
BRDA:104,16,8,0
BRDA:104,16,9,0
BRDA:104,16,10,0
BRDA:104,16,11,0
BRDA:104,16,12,0
BRDA:104,16,13,0
BRDA:112,17,0,0
BRDA:112,17,1,0
BRDA:119,18,0,0
BRDA:119,18,1,0
BRDA:121,19,0,0
BRDA:121,19,1,0
BRDA:130,20,0,0
BRDA:130,20,1,0
BRDA:131,21,0,0
BRDA:131,21,1,0
BRDA:137,22,0,0
BRDA:137,22,1,0
BRDA:143,23,0,0
BRDA:143,23,1,0
BRDA:189,24,0,0
BRDA:189,24,1,0
BRDA:193,25,0,0
BRDA:193,25,1,0
BRDA:219,26,0,0
BRDA:219,27,0,0
BRDA:220,28,0,0
BRDA:220,28,1,0
BRDA:220,28,2,0
BRDA:220,28,3,0
BRDA:220,28,4,0
BRDA:220,28,5,0
BRDA:220,28,6,0
BRDA:220,28,7,0
BRDA:226,29,0,0
BRDA:226,29,1,0
BRDA:232,30,0,0
BRDA:232,30,1,0
BRDA:232,31,0,0
BRDA:232,31,1,0
BRDA:233,32,0,0
BRDA:233,32,1,0
BRDA:269,33,0,0
BRDA:269,34,0,0
BRDA:270,35,0,0
BRDA:270,35,1,0
BRDA:270,35,2,0
BRDA:270,35,3,0
BRDA:270,35,4,0
BRDA:270,35,5,0
BRDA:270,35,6,0
BRDA:270,35,7,0
BRDA:270,35,8,0
BRDA:275,36,0,0
BRDA:275,36,1,0
BRDA:298,37,0,1
BRDA:298,38,0,0
BRDA:301,39,0,0
BRDA:301,39,1,0
BRDA:301,39,2,0
BRDA:301,39,3,0
BRDA:301,39,4,0
BRDA:301,39,5,0
BRDA:301,39,6,0
BRDA:301,39,7,0
BRDA:301,39,8,0
BRDA:301,39,9,0
BRDA:301,39,10,0
BRDA:301,39,11,0
BRDA:301,39,12,0
BRDA:301,39,13,0
BRDA:301,39,14,0
BRDA:301,39,15,0
BRDA:301,39,16,0
BRDA:301,39,17,1
BRDA:304,40,0,0
BRDA:304,40,1,0
BRDA:331,41,0,0
BRDA:331,41,1,0
BRDA:345,42,0,0
BRDA:345,42,1,0
BRDA:345,43,0,0
BRDA:345,43,1,0
BRDA:368,44,0,0
BRDA:368,44,1,0
BRDA:373,45,0,0
BRDA:373,45,1,0
BRDA:380,46,0,0
BRDA:380,46,1,0
BRDA:380,47,0,0
BRDA:380,47,1,0
BRDA:382,48,0,0
BRDA:382,48,1,0
BRDA:397,49,0,0
BRDA:397,49,1,0
BRF:130
BRH:2
end_of_record
TN:
SF:/Users/lou/ediphy/reducers/contained_view_selected.es6
FN:3,(anonymous_0)
FNF:1
FNH:1
FNDA:10,(anonymous_0)
DA:4,10
DA:6,1
DA:10,1
DA:12,1
DA:14,4
DA:16,2
DA:18,1
LF:7
LH:7
BRDA:3,0,0,2
BRDA:3,1,0,0
BRDA:4,2,0,1
BRDA:4,2,1,1
BRDA:4,2,2,1
BRDA:4,2,3,4
BRDA:4,2,4,2
BRDA:4,2,5,1
BRDA:16,3,0,2
BRDA:16,3,1,1
BRF:10
BRH:9
end_of_record
TN:
SF:/Users/lou/ediphy/reducers/contained_views_by_id.es6
FN:4,singleContainedViewReducer
FN:35,(anonymous_1)
FN:45,(anonymous_2)
FNF:3
FNH:0
FNDA:0,singleContainedViewReducer
FNDA:0,(anonymous_1)
FNDA:0,(anonymous_2)
DA:5,0
DA:7,0
DA:10,0
DA:11,0
DA:12,0
DA:14,0
DA:16,0
DA:19,0
DA:20,0
DA:21,0
DA:22,0
DA:23,0
DA:24,0
DA:25,0
DA:27,0
DA:30,0
DA:33,0
DA:34,0
DA:35,0
DA:37,0
DA:39,0
DA:41,0
DA:46,0
DA:48,0
DA:49,0
DA:54,0
DA:57,0
DA:58,0
DA:60,0
DA:62,0
DA:63,0
DA:64,0
DA:65,0
DA:66,0
DA:67,0
DA:68,0
DA:75,0
DA:76,0
DA:77,0
DA:78,0
DA:80,0
DA:82,0
DA:83,0
DA:86,0
DA:88,0
DA:89,0
DA:91,0
DA:95,0
DA:96,0
DA:98,0
DA:99,0
DA:101,0
DA:103,0
DA:105,0
DA:106,0
DA:109,0
DA:110,0
DA:115,0
DA:117,0
DA:119,0
DA:121,0
DA:122,0
DA:123,0
DA:124,0
DA:128,0
DA:148,0
DA:149,0
DA:150,0
DA:151,0
DA:154,0
DA:157,0
DA:158,0
DA:160,0
DA:162,0
DA:164,0
LF:75
LH:0
BRDA:4,0,0,0
BRDA:4,1,0,0
BRDA:5,2,0,0
BRDA:5,2,1,0
BRDA:5,2,2,0
BRDA:5,2,3,0
BRDA:5,2,4,0
BRDA:5,2,5,0
BRDA:5,2,6,0
BRDA:11,3,0,0
BRDA:11,3,1,0
BRDA:11,4,0,0
BRDA:11,4,1,0
BRDA:22,5,0,0
BRDA:22,5,1,0
BRDA:24,6,0,0
BRDA:24,6,1,0
BRDA:45,7,0,0
BRDA:45,8,0,0
BRDA:46,9,0,0
BRDA:46,9,1,0
BRDA:46,9,2,0
BRDA:46,9,3,0
BRDA:46,9,4,0
BRDA:46,9,5,0
BRDA:46,9,6,0
BRDA:46,9,7,0
BRDA:46,9,8,0
BRDA:46,9,9,0
BRDA:46,9,10,0
BRDA:46,9,11,0
BRDA:48,10,0,0
BRDA:48,10,1,0
BRDA:57,11,0,0
BRDA:57,11,1,0
BRDA:57,12,0,0
BRDA:57,12,1,0
BRDA:62,13,0,0
BRDA:62,13,1,0
BRDA:63,14,0,0
BRDA:63,14,1,0
BRDA:63,15,0,0
BRDA:63,15,1,0
BRDA:65,16,0,0
BRDA:65,16,1,0
BRDA:67,17,0,0
BRDA:67,17,1,0
BRDA:75,18,0,0
BRDA:75,18,1,0
BRDA:76,19,0,0
BRDA:76,19,1,0
BRDA:77,20,0,0
BRDA:77,20,1,0
BRDA:78,21,0,0
BRDA:78,21,1,0
BRDA:80,22,0,0
BRDA:80,22,1,0
BRDA:82,23,0,0
BRDA:82,23,1,0
BRDA:88,24,0,0
BRDA:88,24,1,0
BRDA:95,25,0,0
BRDA:95,25,1,0
BRDA:95,26,0,0
BRDA:95,26,1,0
BRDA:98,27,0,0
BRDA:98,27,1,0
BRDA:109,28,0,0
BRDA:109,28,1,0
BRDA:123,29,0,0
BRDA:123,29,1,0
BRDA:157,30,0,0
BRDA:157,30,1,0
BRDA:162,31,0,0
BRDA:162,31,1,0
BRF:75
BRH:0
end_of_record
TN:
SF:/Users/lou/ediphy/reducers/global_config.es6
FN:4,(anonymous_0)
FNF:1
FNH:0
FNDA:0,(anonymous_0)
DA:5,0
DA:7,0
DA:8,0
DA:10,0
DA:12,0
DA:14,0
LF:6
LH:0
BRDA:4,0,0,0
BRDA:4,1,0,0
BRDA:5,2,0,0
BRDA:5,2,1,0
BRDA:5,2,2,0
BRDA:7,3,0,0
BRDA:7,3,1,0
BRDA:12,4,0,0
BRDA:12,4,1,0
BRF:9
BRH:0
end_of_record
TN:
SF:/Users/lou/ediphy/reducers/index_selected.es6
FN:3,(anonymous_0)
FNF:1
FNH:0
FNDA:0,(anonymous_0)
DA:4,0
DA:6,0
DA:8,0
DA:10,0
DA:12,0
DA:14,0
DA:16,0
LF:7
LH:0
BRDA:3,0,0,0
BRDA:3,1,0,0
BRDA:4,2,0,0
BRDA:4,2,1,0
BRDA:4,2,2,0
BRDA:4,2,3,0
BRDA:4,2,4,0
BRDA:4,2,5,0
BRF:8
BRH:0
end_of_record
TN:
SF:/Users/lou/ediphy/reducers/nav_item_selected.es6
FN:3,(anonymous_0)
FNF:1
FNH:0
FNDA:0,(anonymous_0)
DA:4,0
DA:6,0
DA:7,0
DA:9,0
DA:11,0
DA:12,0
DA:14,0
DA:16,0
DA:18,0
DA:20,0
LF:10
LH:0
BRDA:3,0,0,0
BRDA:3,1,0,0
BRDA:4,2,0,0
BRDA:4,2,1,0
BRDA:4,2,2,0
BRDA:4,2,3,0
BRDA:4,2,4,0
BRDA:6,3,0,0
BRDA:6,3,1,0
BRDA:11,4,0,0
BRDA:11,4,1,0
BRDA:11,5,0,0
BRDA:11,5,1,0
BRDA:11,5,2,0
BRDA:18,6,0,0
BRDA:18,6,1,0
BRF:16
BRH:0
end_of_record
TN:
SF:/Users/lou/ediphy/reducers/nav_items_by_id.es6
FN:8,navItemCreator
FN:32,singleNavItemReducer
FN:66,(anonymous_2)
FN:91,(anonymous_3)
FN:119,(anonymous_4)
FN:147,(anonymous_5)
FN:175,(anonymous_6)
FN:289,(anonymous_7)
FN:317,(anonymous_8)
FNF:9
FNH:0
FNDA:0,navItemCreator
FNDA:0,singleNavItemReducer
FNDA:0,(anonymous_2)
FNDA:0,(anonymous_3)
FNDA:0,(anonymous_4)
FNDA:0,(anonymous_5)
FNDA:0,(anonymous_6)
FNDA:0,(anonymous_7)
FNDA:0,(anonymous_8)
DA:9,0
DA:33,0
DA:35,0
DA:37,0
DA:38,0
DA:39,0
DA:40,0
DA:43,0
DA:45,0
DA:56,0
DA:59,0
DA:60,0
DA:62,0
DA:64,0
DA:66,0
DA:67,0
DA:68,0
DA:74,0
DA:76,0
DA:77,0
DA:78,0
DA:79,0
DA:80,0
DA:81,0
DA:82,0
DA:84,0
DA:87,0
DA:89,0
DA:91,0
DA:93,0
DA:95,0
DA:115,0
DA:116,0
DA:118,0
DA:119,0
DA:122,0
DA:124,0
DA:126,0
DA:128,0
DA:129,0
DA:130,0
DA:132,0
DA:134,0
DA:137,0
DA:143,0
DA:148,0
DA:150,0
DA:151,0
DA:153,0
DA:155,0
DA:156,0
DA:158,0
DA:160,0
DA:171,0
DA:173,0
DA:174,0
DA:175,0
DA:176,0
DA:178,0
DA:180,0
DA:198,0
DA:201,0
DA:202,0
DA:217,0
DA:237,0
DA:243,0
DA:245,0
DA:246,0
DA:247,0
DA:249,0
DA:250,0
DA:257,0
DA:259,0
DA:261,0
DA:285,0
DA:287,0
DA:288,0
DA:289,0
DA:291,0
DA:299,0
DA:301,0
DA:302,0
DA:303,0
DA:304,0
DA:308,0
DA:309,0
DA:312,0
DA:313,0
DA:315,0
DA:316,0
DA:317,0
DA:319,0
DA:324,0
DA:326,0
DA:328,0
DA:329,0
DA:330,0
DA:334,0
DA:336,0
DA:337,0
DA:339,0
DA:340,0
DA:341,0
DA:342,0
DA:343,0
DA:344,0
DA:345,0
DA:346,0
DA:352,0
DA:353,0
DA:354,0
DA:355,0
DA:357,0
DA:361,0
DA:363,0
DA:364,0
DA:366,0
DA:368,0
DA:370,0
DA:372,0
LF:120
LH:0
BRDA:8,0,0,0
BRDA:8,1,0,0
BRDA:19,2,0,0
BRDA:19,2,1,0
BRDA:32,3,0,0
BRDA:32,4,0,0
BRDA:33,5,0,0
BRDA:33,5,1,0
BRDA:33,5,2,0
BRDA:33,5,3,0
BRDA:33,5,4,0
BRDA:33,5,5,0
BRDA:33,5,6,0
BRDA:33,5,7,0
BRDA:33,5,8,0
BRDA:33,5,9,0
BRDA:33,5,10,0
BRDA:33,5,11,0
BRDA:33,5,12,0
BRDA:33,5,13,0
BRDA:33,5,14,0
BRDA:39,6,0,0
BRDA:39,6,1,0
BRDA:59,7,0,0
BRDA:59,7,1,0
BRDA:67,8,0,0
BRDA:67,8,1,0
BRDA:79,9,0,0
BRDA:79,9,1,0
BRDA:81,10,0,0
BRDA:81,10,1,0
BRDA:93,11,0,0
BRDA:93,11,1,0
BRDA:107,12,0,0
BRDA:107,12,1,0
BRDA:115,13,0,0
BRDA:115,13,1,0
BRDA:118,14,0,0
BRDA:118,14,1,0
BRDA:129,15,0,0
BRDA:129,15,1,0
BRDA:147,16,0,0
BRDA:147,17,0,0
BRDA:148,18,0,0
BRDA:148,18,1,0
BRDA:148,18,2,0
BRDA:148,18,3,0
BRDA:148,18,4,0
BRDA:148,18,5,0
BRDA:148,18,6,0
BRDA:148,18,7,0
BRDA:148,18,8,0
BRDA:148,18,9,0
BRDA:148,18,10,0
BRDA:148,18,11,0
BRDA:148,18,12,0
BRDA:148,18,13,0
BRDA:148,18,14,0
BRDA:148,18,15,0
BRDA:148,18,16,0
BRDA:148,18,17,0
BRDA:148,18,18,0
BRDA:150,19,0,0
BRDA:150,19,1,0
BRDA:155,20,0,0
BRDA:155,20,1,0
BRDA:155,21,0,0
BRDA:155,21,1,0
BRDA:180,22,0,0
BRDA:180,22,1,0
BRDA:180,23,0,0
BRDA:180,23,1,0
BRDA:201,24,0,0
BRDA:201,24,1,0
BRDA:201,25,0,0
BRDA:201,25,1,0
BRDA:245,26,0,0
BRDA:245,26,1,0
BRDA:249,27,0,0
BRDA:249,27,1,0
BRDA:303,28,0,0
BRDA:303,28,1,0
BRDA:303,29,0,0
BRDA:303,29,1,0
BRDA:312,30,0,0
BRDA:312,30,1,0
BRDA:328,31,0,0
BRDA:328,31,1,0
BRDA:328,32,0,0
BRDA:328,32,1,0
BRDA:328,32,2,0
BRDA:328,32,3,0
BRDA:329,33,0,0
BRDA:329,33,1,0
BRDA:336,34,0,0
BRDA:336,34,1,0
BRDA:336,35,0,0
BRDA:336,35,1,0
BRDA:340,36,0,0
BRDA:340,36,1,0
BRDA:340,37,0,0
BRDA:340,37,1,0
BRDA:341,38,0,0
BRDA:341,38,1,0
BRDA:341,39,0,0
BRDA:341,39,1,0
BRDA:343,40,0,0
BRDA:343,40,1,0
BRDA:345,41,0,0
BRDA:345,41,1,0
BRDA:352,42,0,0
BRDA:352,42,1,0
BRDA:352,43,0,0
BRDA:352,43,1,0
BRDA:353,44,0,0
BRDA:353,44,1,0
BRDA:354,45,0,0
BRDA:354,45,1,0
BRDA:355,46,0,0
BRDA:355,46,1,0
BRDA:357,47,0,0
BRDA:357,47,1,0
BRDA:363,48,0,0
BRDA:363,48,1,0
BRDA:363,49,0,0
BRDA:363,49,1,0
BRDA:370,50,0,0
BRDA:370,50,1,0
BRF:128
BRH:0
end_of_record
TN:
SF:/Users/lou/ediphy/reducers/nav_items_ids.es6
FN:3,(anonymous_0)
FN:10,(anonymous_1)
FNF:2
FNH:0
FNDA:0,(anonymous_0)
FNDA:0,(anonymous_1)
DA:4,0
DA:6,0
DA:7,0
DA:8,0
DA:10,0
DA:12,0
DA:14,0
DA:16,0
LF:8
LH:0
BRDA:3,0,0,0
BRDA:3,1,0,0
BRDA:4,2,0,0
BRDA:4,2,1,0
BRDA:4,2,2,0
BRDA:4,2,3,0
BRDA:4,2,4,0
BRDA:14,3,0,0
BRDA:14,3,1,0
BRF:9
BRH:0
end_of_record
TN:
SF:/Users/lou/ediphy/reducers/__tests__/test_helper.js
FN:3,(anonymous_0)
FN:6,(anonymous_1)
FN:9,(anonymous_2)
FN:12,(anonymous_3)
FN:15,(anonymous_4)
FN:21,(anonymous_5)
FN:27,(anonymous_6)
FN:33,(anonymous_7)
FN:39,(anonymous_8)
FNF:9
FNH:8
FNDA:11,(anonymous_0)
FNDA:60,(anonymous_1)
FNDA:11,(anonymous_2)
FNDA:4,(anonymous_3)
FNDA:21,(anonymous_4)
FNDA:14,(anonymous_5)
FNDA:0,(anonymous_6)
FNDA:12,(anonymous_7)
FNDA:47,(anonymous_8)
DA:4,11
DA:7,60
DA:10,11
DA:13,4
DA:16,21
DA:17,1
DA:19,20
DA:22,14
DA:23,0
DA:25,14
DA:28,0
DA:29,0
DA:31,0
DA:34,12
DA:35,0
DA:37,12
DA:40,47
LF:17
LH:12
BRDA:16,0,0,1
BRDA:16,0,1,20
BRDA:22,1,0,0
BRDA:22,1,1,14
BRDA:28,2,0,0
BRDA:28,2,1,0
BRDA:34,3,0,0
BRDA:34,3,1,12
BRF:8
BRH:4
end_of_record
